<?xml version="1.0" encoding="UTF-8"?>
<testsuite xmlns:xsi="http://www.w3.org/2001/XMLSchema-instance" xsi:noNamespaceSchemaLocation="https://maven.apache.org/surefire/maven-surefire-plugin/xsd/surefire-test-report-3.0.xsd" version="3.0" name="com.adisyon.adisyon_backend.AdisyonBackendApplicationTests" time="11.593" tests="1" errors="0" skipped="0" failures="0">
  <properties>
[...]
</properties>
  <testcase name="contextLoads" classname="com.adisyon.adisyon_backend.AdisyonBackendApplicationTests" time="0.614">
    <system-out><![CDATA[23:29:07.693 [main] INFO org.springframework.test.context.support.AnnotationConfigContextLoaderUtils -- Could not detect default configuration classes for test class [com.adisyon.adisyon_backend.AdisyonBackendApplicationTests]: AdisyonBackendApplicationTests does not declare any static, non-private, non-final, nested classes annotated with @Configuration.
23:29:07.875 [main] INFO org.springframework.boot.test.context.SpringBootTestContextBootstrapper -- Found @SpringBootConfiguration com.adisyon.adisyon_backend.AdisyonBackendApplication for test class com.adisyon.adisyon_backend.AdisyonBackendApplicationTests
23:29:08.143 [main] INFO org.springframework.boot.devtools.restart.RestartApplicationListener -- Restart disabled due to context in which it is running

  .   ____          _            __ _ _
 /\\ / ___'_ __ _ _(_)_ __  __ _ \ \ \ \
( ( )\___ | '_ | '_| | '_ \/ _` | \ \ \ \
 \\/  ___)| |_)| | | | | || (_| |  ) ) ) )
  '  |____| .__|_| |_|_| |_\__, | / / / /
 =========|_|==============|___/=/_/_/_/

 :: Spring Boot ::                (v3.3.6)

2024-11-25T23:29:08.521+03:00  INFO 11784 --- [adisyon-backend] [           main] c.a.a.AdisyonBackendApplicationTests     : Starting AdisyonBackendApplicationTests using Java 17.0.13 with PID 11784 (started by Ali in D:\GithubPersonal\adisyon\adisyon-backend)
2024-11-25T23:29:08.525+03:00  INFO 11784 --- [adisyon-backend] [           main] c.a.a.AdisyonBackendApplicationTests     : No active profile set, falling back to 1 default profile: "default"
2024-11-25T23:29:08.526+03:00 DEBUG 11784 --- [adisyon-backend] [           main] o.s.boot.SpringApplication               : Loading source class com.adisyon.adisyon_backend.AdisyonBackendApplication
2024-11-25T23:29:08.583+03:00 DEBUG 11784 --- [adisyon-backend] [           main] o.s.w.c.s.GenericWebApplicationContext   : Refreshing org.springframework.web.context.support.GenericWebApplicationContext@7bdf6bb7
2024-11-25T23:29:08.610+03:00 DEBUG 11784 --- [adisyon-backend] [           main] o.s.b.f.s.DefaultListableBeanFactory     : Creating shared instance of singleton bean 'org.springframework.context.annotation.internalConfigurationAnnotationProcessor'
2024-11-25T23:29:08.628+03:00 DEBUG 11784 --- [adisyon-backend] [           main] o.s.b.f.s.DefaultListableBeanFactory     : Creating shared instance of singleton bean 'org.springframework.boot.autoconfigure.internalCachingMetadataReaderFactory'
2024-11-25T23:29:08.717+03:00 DEBUG 11784 --- [adisyon-backend] [           main] o.s.c.a.ClassPathBeanDefinitionScanner   : Identified candidate component class: file [D:\GithubPersonal\adisyon\adisyon-backend\target\classes\com\adisyon\adisyon_backend\Config\AppConfig.class]
2024-11-25T23:29:08.720+03:00 DEBUG 11784 --- [adisyon-backend] [           main] o.s.c.a.ClassPathBeanDefinitionScanner   : Identified candidate component class: file [D:\GithubPersonal\adisyon\adisyon-backend\target\classes\com\adisyon\adisyon_backend\Config\JwtProvider.class]
2024-11-25T23:29:08.737+03:00 DEBUG 11784 --- [adisyon-backend] [           main] o.s.c.a.ClassPathBeanDefinitionScanner   : Identified candidate component class: file [D:\GithubPersonal\adisyon\adisyon-backend\target\classes\com\adisyon\adisyon_backend\Controllers\Auth\AuthController.class]
2024-11-25T23:29:08.740+03:00 DEBUG 11784 --- [adisyon-backend] [           main] o.s.c.a.ClassPathBeanDefinitionScanner   : Identified candidate component class: file [D:\GithubPersonal\adisyon\adisyon-backend\target\classes\com\adisyon\adisyon_backend\Controllers\BasketCategory\BasketCategoryController.class]
2024-11-25T23:29:08.742+03:00 DEBUG 11784 --- [adisyon-backend] [           main] o.s.c.a.ClassPathBeanDefinitionScanner   : Identified candidate component class: file [D:\GithubPersonal\adisyon\adisyon-backend\target\classes\com\adisyon\adisyon_backend\Controllers\Basket\BasketController.class]
2024-11-25T23:29:08.745+03:00 DEBUG 11784 --- [adisyon-backend] [           main] o.s.c.a.ClassPathBeanDefinitionScanner   : Identified candidate component class: file [D:\GithubPersonal\adisyon\adisyon-backend\target\classes\com\adisyon\adisyon_backend\Controllers\Cart\CartController.class]
2024-11-25T23:29:08.747+03:00 DEBUG 11784 --- [adisyon-backend] [           main] o.s.c.a.ClassPathBeanDefinitionScanner   : Identified candidate component class: file [D:\GithubPersonal\adisyon\adisyon-backend\target\classes\com\adisyon\adisyon_backend\Controllers\Company\CompanyController.class]
2024-11-25T23:29:08.748+03:00 DEBUG 11784 --- [adisyon-backend] [           main] o.s.c.a.ClassPathBeanDefinitionScanner   : Identified candidate component class: file [D:\GithubPersonal\adisyon\adisyon-backend\target\classes\com\adisyon\adisyon_backend\Controllers\Employee\EmployeeController.class]
2024-11-25T23:29:08.750+03:00 DEBUG 11784 --- [adisyon-backend] [           main] o.s.c.a.ClassPathBeanDefinitionScanner   : Identified candidate component class: file [D:\GithubPersonal\adisyon\adisyon-backend\target\classes\com\adisyon\adisyon_backend\Controllers\Order\OrderController.class]
2024-11-25T23:29:08.751+03:00 DEBUG 11784 --- [adisyon-backend] [           main] o.s.c.a.ClassPathBeanDefinitionScanner   : Identified candidate component class: file [D:\GithubPersonal\adisyon\adisyon-backend\target\classes\com\adisyon\adisyon_backend\Controllers\Owner\OwnerController.class]
2024-11-25T23:29:08.753+03:00 DEBUG 11784 --- [adisyon-backend] [           main] o.s.c.a.ClassPathBeanDefinitionScanner   : Identified candidate component class: file [D:\GithubPersonal\adisyon\adisyon-backend\target\classes\com\adisyon\adisyon_backend\Controllers\ProductCategory\EmployeeProductCategoryController.class]
2024-11-25T23:29:08.754+03:00 DEBUG 11784 --- [adisyon-backend] [           main] o.s.c.a.ClassPathBeanDefinitionScanner   : Identified candidate component class: file [D:\GithubPersonal\adisyon\adisyon-backend\target\classes\com\adisyon\adisyon_backend\Controllers\ProductCategory\OwnerProductCategoryController.class]
2024-11-25T23:29:08.755+03:00 DEBUG 11784 --- [adisyon-backend] [           main] o.s.c.a.ClassPathBeanDefinitionScanner   : Identified candidate component class: file [D:\GithubPersonal\adisyon\adisyon-backend\target\classes\com\adisyon\adisyon_backend\Controllers\Product\EmployeeProductController.class]
2024-11-25T23:29:08.757+03:00 DEBUG 11784 --- [adisyon-backend] [           main] o.s.c.a.ClassPathBeanDefinitionScanner   : Identified candidate component class: file [D:\GithubPersonal\adisyon\adisyon-backend\target\classes\com\adisyon\adisyon_backend\Controllers\Product\OwnerProductController.class]
2024-11-25T23:29:08.758+03:00 DEBUG 11784 --- [adisyon-backend] [           main] o.s.c.a.ClassPathBeanDefinitionScanner   : Identified candidate component class: file [D:\GithubPersonal\adisyon\adisyon-backend\target\classes\com\adisyon\adisyon_backend\Controllers\Receipt\ReceiptController.class]
2024-11-25T23:29:08.760+03:00 DEBUG 11784 --- [adisyon-backend] [           main] o.s.c.a.ClassPathBeanDefinitionScanner   : Identified candidate component class: file [D:\GithubPersonal\adisyon\adisyon-backend\target\classes\com\adisyon\adisyon_backend\Controllers\RecordItem\RecordItemController.class]
2024-11-25T23:29:08.761+03:00 DEBUG 11784 --- [adisyon-backend] [           main] o.s.c.a.ClassPathBeanDefinitionScanner   : Identified candidate component class: file [D:\GithubPersonal\adisyon\adisyon-backend\target\classes\com\adisyon\adisyon_backend\Controllers\Report\ReportController.class]
2024-11-25T23:29:08.762+03:00 DEBUG 11784 --- [adisyon-backend] [           main] o.s.c.a.ClassPathBeanDefinitionScanner   : Identified candidate component class: file [D:\GithubPersonal\adisyon\adisyon-backend\target\classes\com\adisyon\adisyon_backend\Controllers\User\UserController.class]
2024-11-25T23:29:08.854+03:00 DEBUG 11784 --- [adisyon-backend] [           main] o.s.c.a.ClassPathBeanDefinitionScanner   : Identified candidate component class: file [D:\GithubPersonal\adisyon\adisyon-backend\target\classes\com\adisyon\adisyon_backend\Services\BasketCategory\BasketCategoryServiceImpl.class]
2024-11-25T23:29:08.856+03:00 DEBUG 11784 --- [adisyon-backend] [           main] o.s.c.a.ClassPathBeanDefinitionScanner   : Identified candidate component class: file [D:\GithubPersonal\adisyon\adisyon-backend\target\classes\com\adisyon\adisyon_backend\Services\Basket\BasketServiceImpl.class]
2024-11-25T23:29:08.857+03:00 DEBUG 11784 --- [adisyon-backend] [           main] o.s.c.a.ClassPathBeanDefinitionScanner   : Identified candidate component class: file [D:\GithubPersonal\adisyon\adisyon-backend\target\classes\com\adisyon\adisyon_backend\Services\CartProduct\CartProductServiceImpl.class]
2024-11-25T23:29:08.859+03:00 DEBUG 11784 --- [adisyon-backend] [           main] o.s.c.a.ClassPathBeanDefinitionScanner   : Identified candidate component class: file [D:\GithubPersonal\adisyon\adisyon-backend\target\classes\com\adisyon\adisyon_backend\Services\Cart\CartServiceImpl.class]
2024-11-25T23:29:08.860+03:00 DEBUG 11784 --- [adisyon-backend] [           main] o.s.c.a.ClassPathBeanDefinitionScanner   : Identified candidate component class: file [D:\GithubPersonal\adisyon\adisyon-backend\target\classes\com\adisyon\adisyon_backend\Services\Company\CompanyServiceImpl.class]
2024-11-25T23:29:08.862+03:00 DEBUG 11784 --- [adisyon-backend] [           main] o.s.c.a.ClassPathBeanDefinitionScanner   : Identified candidate component class: file [D:\GithubPersonal\adisyon\adisyon-backend\target\classes\com\adisyon\adisyon_backend\Services\Employee\EmployeeServiceImpl.class]
2024-11-25T23:29:08.864+03:00 DEBUG 11784 --- [adisyon-backend] [           main] o.s.c.a.ClassPathBeanDefinitionScanner   : Identified candidate component class: file [D:\GithubPersonal\adisyon\adisyon-backend\target\classes\com\adisyon\adisyon_backend\Services\OrderItem\OrderItemServiceImpl.class]
2024-11-25T23:29:08.866+03:00 DEBUG 11784 --- [adisyon-backend] [           main] o.s.c.a.ClassPathBeanDefinitionScanner   : Identified candidate component class: file [D:\GithubPersonal\adisyon\adisyon-backend\target\classes\com\adisyon\adisyon_backend\Services\Order\OrderServiceImpl.class]
2024-11-25T23:29:08.868+03:00 DEBUG 11784 --- [adisyon-backend] [           main] o.s.c.a.ClassPathBeanDefinitionScanner   : Identified candidate component class: file [D:\GithubPersonal\adisyon\adisyon-backend\target\classes\com\adisyon\adisyon_backend\Services\Owner\OwnerServiceImpl.class]
2024-11-25T23:29:08.869+03:00 DEBUG 11784 --- [adisyon-backend] [           main] o.s.c.a.ClassPathBeanDefinitionScanner   : Identified candidate component class: file [D:\GithubPersonal\adisyon\adisyon-backend\target\classes\com\adisyon\adisyon_backend\Services\Payment\PaymentServiceImpl.class]
2024-11-25T23:29:08.871+03:00 DEBUG 11784 --- [adisyon-backend] [           main] o.s.c.a.ClassPathBeanDefinitionScanner   : Identified candidate component class: file [D:\GithubPersonal\adisyon\adisyon-backend\target\classes\com\adisyon\adisyon_backend\Services\ProductCategory\ProductCategoryServiceImpl.class]
2024-11-25T23:29:08.872+03:00 DEBUG 11784 --- [adisyon-backend] [           main] o.s.c.a.ClassPathBeanDefinitionScanner   : Identified candidate component class: file [D:\GithubPersonal\adisyon\adisyon-backend\target\classes\com\adisyon\adisyon_backend\Services\Product\ProductServiceImpl.class]
2024-11-25T23:29:08.874+03:00 DEBUG 11784 --- [adisyon-backend] [           main] o.s.c.a.ClassPathBeanDefinitionScanner   : Identified candidate component class: file [D:\GithubPersonal\adisyon\adisyon-backend\target\classes\com\adisyon\adisyon_backend\Services\Receipt\ReceiptServiceImpl.class]
2024-11-25T23:29:08.877+03:00 DEBUG 11784 --- [adisyon-backend] [           main] o.s.c.a.ClassPathBeanDefinitionScanner   : Identified candidate component class: file [D:\GithubPersonal\adisyon\adisyon-backend\target\classes\com\adisyon\adisyon_backend\Services\RecordItem\RecordItemServiceImpl.class]
2024-11-25T23:29:08.878+03:00 DEBUG 11784 --- [adisyon-backend] [           main] o.s.c.a.ClassPathBeanDefinitionScanner   : Identified candidate component class: file [D:\GithubPersonal\adisyon\adisyon-backend\target\classes\com\adisyon\adisyon_backend\Services\Report\ReportServiceImpl.class]
2024-11-25T23:29:08.880+03:00 DEBUG 11784 --- [adisyon-backend] [           main] o.s.c.a.ClassPathBeanDefinitionScanner   : Identified candidate component class: file [D:\GithubPersonal\adisyon\adisyon-backend\target\classes\com\adisyon\adisyon_backend\Services\UserDetailsServiceImpl.class]
2024-11-25T23:29:08.882+03:00 DEBUG 11784 --- [adisyon-backend] [           main] o.s.c.a.ClassPathBeanDefinitionScanner   : Identified candidate component class: file [D:\GithubPersonal\adisyon\adisyon-backend\target\classes\com\adisyon\adisyon_backend\Services\User\UserServiceImpl.class]
2024-11-25T23:29:09.843+03:00  INFO 11784 --- [adisyon-backend] [           main] .s.d.r.c.RepositoryConfigurationDelegate : Bootstrapping Spring Data JPA repositories in DEFAULT mode.
2024-11-25T23:29:09.859+03:00 DEBUG 11784 --- [adisyon-backend] [           main] o.s.b.f.s.DefaultListableBeanFactory     : Creating shared instance of singleton bean 'org.springframework.boot.autoconfigure.AutoConfigurationPackages'
2024-11-25T23:29:09.873+03:00 DEBUG 11784 --- [adisyon-backend] [           main] o.s.b.a.AutoConfigurationPackages        : @EnableAutoConfiguration was declared on a class in the package 'com.adisyon.adisyon_backend'. Automatic @Repository and @Entity scanning is enabled.
2024-11-25T23:29:09.874+03:00 DEBUG 11784 --- [adisyon-backend] [           main] .s.d.r.c.RepositoryConfigurationDelegate : Scanning for JPA repositories in packages com.adisyon.adisyon_backend.
2024-11-25T23:29:09.921+03:00 DEBUG 11784 --- [adisyon-backend] [           main] o.s.d.r.c.RepositoryComponentProvider    : Identified candidate component class: file [D:\GithubPersonal\adisyon\adisyon-backend\target\classes\com\adisyon\adisyon_backend\Repositories\BasketCategory\BasketCategoryRepository.class]
2024-11-25T23:29:09.921+03:00 DEBUG 11784 --- [adisyon-backend] [           main] o.s.d.r.c.RepositoryComponentProvider    : Identified candidate component class: file [D:\GithubPersonal\adisyon\adisyon-backend\target\classes\com\adisyon\adisyon_backend\Repositories\Basket\BasketRepository.class]
2024-11-25T23:29:09.921+03:00 DEBUG 11784 --- [adisyon-backend] [           main] o.s.d.r.c.RepositoryComponentProvider    : Identified candidate component class: file [D:\GithubPersonal\adisyon\adisyon-backend\target\classes\com\adisyon\adisyon_backend\Repositories\CartProduct\CartProductRepository.class]
2024-11-25T23:29:09.921+03:00 DEBUG 11784 --- [adisyon-backend] [           main] o.s.d.r.c.RepositoryComponentProvider    : Identified candidate component class: file [D:\GithubPersonal\adisyon\adisyon-backend\target\classes\com\adisyon\adisyon_backend\Repositories\Cart\CartRepository.class]
2024-11-25T23:29:09.921+03:00 DEBUG 11784 --- [adisyon-backend] [           main] o.s.d.r.c.RepositoryComponentProvider    : Identified candidate component class: file [D:\GithubPersonal\adisyon\adisyon-backend\target\classes\com\adisyon\adisyon_backend\Repositories\Company\CompanyRepository.class]
2024-11-25T23:29:09.922+03:00 DEBUG 11784 --- [adisyon-backend] [           main] o.s.d.r.c.RepositoryComponentProvider    : Identified candidate component class: file [D:\GithubPersonal\adisyon\adisyon-backend\target\classes\com\adisyon\adisyon_backend\Repositories\Employee\EmployeeRepository.class]
2024-11-25T23:29:09.922+03:00 DEBUG 11784 --- [adisyon-backend] [           main] o.s.d.r.c.RepositoryComponentProvider    : Identified candidate component class: file [D:\GithubPersonal\adisyon\adisyon-backend\target\classes\com\adisyon\adisyon_backend\Repositories\OrderItem\OrderItemRepository.class]
2024-11-25T23:29:09.922+03:00 DEBUG 11784 --- [adisyon-backend] [           main] o.s.d.r.c.RepositoryComponentProvider    : Identified candidate component class: file [D:\GithubPersonal\adisyon\adisyon-backend\target\classes\com\adisyon\adisyon_backend\Repositories\Order\OrderRepository.class]
2024-11-25T23:29:09.922+03:00 DEBUG 11784 --- [adisyon-backend] [           main] o.s.d.r.c.RepositoryComponentProvider    : Identified candidate component class: file [D:\GithubPersonal\adisyon\adisyon-backend\target\classes\com\adisyon\adisyon_backend\Repositories\Owner\OwnerRepository.class]
2024-11-25T23:29:09.922+03:00 DEBUG 11784 --- [adisyon-backend] [           main] o.s.d.r.c.RepositoryComponentProvider    : Identified candidate component class: file [D:\GithubPersonal\adisyon\adisyon-backend\target\classes\com\adisyon\adisyon_backend\Repositories\Payment\PaymentRepository.class]
2024-11-25T23:29:09.922+03:00 DEBUG 11784 --- [adisyon-backend] [           main] o.s.d.r.c.RepositoryComponentProvider    : Identified candidate component class: file [D:\GithubPersonal\adisyon\adisyon-backend\target\classes\com\adisyon\adisyon_backend\Repositories\ProductCategory\ProductCategoryRepository.class]
2024-11-25T23:29:09.922+03:00 DEBUG 11784 --- [adisyon-backend] [           main] o.s.d.r.c.RepositoryComponentProvider    : Identified candidate component class: file [D:\GithubPersonal\adisyon\adisyon-backend\target\classes\com\adisyon\adisyon_backend\Repositories\Product\ProductRepository.class]
2024-11-25T23:29:09.923+03:00 DEBUG 11784 --- [adisyon-backend] [           main] o.s.d.r.c.RepositoryComponentProvider    : Identified candidate component class: file [D:\GithubPersonal\adisyon\adisyon-backend\target\classes\com\adisyon\adisyon_backend\Repositories\Receipt\ReceiptRepository.class]
2024-11-25T23:29:09.923+03:00 DEBUG 11784 --- [adisyon-backend] [           main] o.s.d.r.c.RepositoryComponentProvider    : Identified candidate component class: file [D:\GithubPersonal\adisyon\adisyon-backend\target\classes\com\adisyon\adisyon_backend\Repositories\RecordItem\RecordItemRepository.class]
2024-11-25T23:29:09.923+03:00 DEBUG 11784 --- [adisyon-backend] [           main] o.s.d.r.c.RepositoryComponentProvider    : Identified candidate component class: file [D:\GithubPersonal\adisyon\adisyon-backend\target\classes\com\adisyon\adisyon_backend\Repositories\Report\ReportRepository.class]
2024-11-25T23:29:09.923+03:00 DEBUG 11784 --- [adisyon-backend] [           main] o.s.d.r.c.RepositoryComponentProvider    : Identified candidate component class: file [D:\GithubPersonal\adisyon\adisyon-backend\target\classes\com\adisyon\adisyon_backend\Repositories\User\UserRepository.class]
2024-11-25T23:29:10.026+03:00 DEBUG 11784 --- [adisyon-backend] [           main] ssPathScanningCandidateComponentProvider : Identified candidate component class: file [D:\GithubPersonal\adisyon\adisyon-backend\target\classes\com\adisyon\adisyon_backend\Services\BasketCategory\BasketCategoryServiceImpl.class]
2024-11-25T23:29:10.027+03:00 DEBUG 11784 --- [adisyon-backend] [           main] ssPathScanningCandidateComponentProvider : Identified candidate component class: file [D:\GithubPersonal\adisyon\adisyon-backend\target\classes\com\adisyon\adisyon_backend\Services\Basket\BasketServiceImpl.class]
2024-11-25T23:29:10.027+03:00 DEBUG 11784 --- [adisyon-backend] [           main] ssPathScanningCandidateComponentProvider : Identified candidate component class: file [D:\GithubPersonal\adisyon\adisyon-backend\target\classes\com\adisyon\adisyon_backend\Services\CartProduct\CartProductServiceImpl.class]
2024-11-25T23:29:10.027+03:00 DEBUG 11784 --- [adisyon-backend] [           main] ssPathScanningCandidateComponentProvider : Identified candidate component class: file [D:\GithubPersonal\adisyon\adisyon-backend\target\classes\com\adisyon\adisyon_backend\Services\Cart\CartServiceImpl.class]
2024-11-25T23:29:10.028+03:00 DEBUG 11784 --- [adisyon-backend] [           main] ssPathScanningCandidateComponentProvider : Identified candidate component class: file [D:\GithubPersonal\adisyon\adisyon-backend\target\classes\com\adisyon\adisyon_backend\Services\Company\CompanyServiceImpl.class]
2024-11-25T23:29:10.028+03:00 DEBUG 11784 --- [adisyon-backend] [           main] ssPathScanningCandidateComponentProvider : Identified candidate component class: file [D:\GithubPersonal\adisyon\adisyon-backend\target\classes\com\adisyon\adisyon_backend\Services\Employee\EmployeeServiceImpl.class]
2024-11-25T23:29:10.029+03:00 DEBUG 11784 --- [adisyon-backend] [           main] ssPathScanningCandidateComponentProvider : Identified candidate component class: file [D:\GithubPersonal\adisyon\adisyon-backend\target\classes\com\adisyon\adisyon_backend\Services\OrderItem\OrderItemServiceImpl.class]
2024-11-25T23:29:10.029+03:00 DEBUG 11784 --- [adisyon-backend] [           main] ssPathScanningCandidateComponentProvider : Identified candidate component class: file [D:\GithubPersonal\adisyon\adisyon-backend\target\classes\com\adisyon\adisyon_backend\Services\Order\OrderServiceImpl.class]
2024-11-25T23:29:10.029+03:00 DEBUG 11784 --- [adisyon-backend] [           main] ssPathScanningCandidateComponentProvider : Identified candidate component class: file [D:\GithubPersonal\adisyon\adisyon-backend\target\classes\com\adisyon\adisyon_backend\Services\Owner\OwnerServiceImpl.class]
2024-11-25T23:29:10.030+03:00 DEBUG 11784 --- [adisyon-backend] [           main] ssPathScanningCandidateComponentProvider : Identified candidate component class: file [D:\GithubPersonal\adisyon\adisyon-backend\target\classes\com\adisyon\adisyon_backend\Services\Payment\PaymentServiceImpl.class]
2024-11-25T23:29:10.030+03:00 DEBUG 11784 --- [adisyon-backend] [           main] ssPathScanningCandidateComponentProvider : Identified candidate component class: file [D:\GithubPersonal\adisyon\adisyon-backend\target\classes\com\adisyon\adisyon_backend\Services\ProductCategory\ProductCategoryServiceImpl.class]
2024-11-25T23:29:10.030+03:00 DEBUG 11784 --- [adisyon-backend] [           main] ssPathScanningCandidateComponentProvider : Identified candidate component class: file [D:\GithubPersonal\adisyon\adisyon-backend\target\classes\com\adisyon\adisyon_backend\Services\Product\ProductServiceImpl.class]
2024-11-25T23:29:10.031+03:00 DEBUG 11784 --- [adisyon-backend] [           main] ssPathScanningCandidateComponentProvider : Identified candidate component class: file [D:\GithubPersonal\adisyon\adisyon-backend\target\classes\com\adisyon\adisyon_backend\Services\Receipt\ReceiptServiceImpl.class]
2024-11-25T23:29:10.031+03:00 DEBUG 11784 --- [adisyon-backend] [           main] ssPathScanningCandidateComponentProvider : Identified candidate component class: file [D:\GithubPersonal\adisyon\adisyon-backend\target\classes\com\adisyon\adisyon_backend\Services\RecordItem\RecordItemServiceImpl.class]
2024-11-25T23:29:10.031+03:00 DEBUG 11784 --- [adisyon-backend] [           main] ssPathScanningCandidateComponentProvider : Identified candidate component class: file [D:\GithubPersonal\adisyon\adisyon-backend\target\classes\com\adisyon\adisyon_backend\Services\Report\ReportServiceImpl.class]
2024-11-25T23:29:10.031+03:00 DEBUG 11784 --- [adisyon-backend] [           main] ssPathScanningCandidateComponentProvider : Identified candidate component class: file [D:\GithubPersonal\adisyon\adisyon-backend\target\classes\com\adisyon\adisyon_backend\Services\UserDetailsServiceImpl.class]
2024-11-25T23:29:10.031+03:00 DEBUG 11784 --- [adisyon-backend] [           main] ssPathScanningCandidateComponentProvider : Identified candidate component class: file [D:\GithubPersonal\adisyon\adisyon-backend\target\classes\com\adisyon\adisyon_backend\Services\User\UserServiceImpl.class]
2024-11-25T23:29:10.090+03:00  INFO 11784 --- [adisyon-backend] [           main] .s.d.r.c.RepositoryConfigurationDelegate : Finished Spring Data repository scanning in 212 ms. Found 16 JPA repository interfaces.
2024-11-25T23:29:10.398+03:00 DEBUG 11784 --- [adisyon-backend] [           main] o.s.b.f.s.DefaultListableBeanFactory     : Creating shared instance of singleton bean 'springSecurityHandlerMappingIntrospectorBeanDefinitionRegistryPostProcessor'
2024-11-25T23:29:10.545+03:00 DEBUG 11784 --- [adisyon-backend] [           main] o.s.b.f.s.DefaultListableBeanFactory     : Creating shared instance of singleton bean 'propertySourcesPlaceholderConfigurer'
2024-11-25T23:29:10.551+03:00 DEBUG 11784 --- [adisyon-backend] [           main] o.s.b.f.s.DefaultListableBeanFactory     : Creating shared instance of singleton bean 'org.springframework.boot.test.mock.mockito.MockitoPostProcessor'
2024-11-25T23:29:10.553+03:00 DEBUG 11784 --- [adisyon-backend] [           main] o.s.b.f.s.DefaultListableBeanFactory     : Creating shared instance of singleton bean 'emBeanDefinitionRegistrarPostProcessor'
2024-11-25T23:29:10.554+03:00 DEBUG 11784 --- [adisyon-backend] [           main] o.s.b.f.s.DefaultListableBeanFactory     : Creating shared instance of singleton bean 'org.springframework.boot.sql.init.dependency.DatabaseInitializationDependencyConfigurer$DependsOnDatabaseInitializationPostProcessor'
2024-11-25T23:29:10.695+03:00 DEBUG 11784 --- [adisyon-backend] [           main] o.s.b.f.s.DefaultListableBeanFactory     : Creating shared instance of singleton bean 'org.springframework.context.event.internalEventListenerProcessor'
2024-11-25T23:29:10.697+03:00 DEBUG 11784 --- [adisyon-backend] [           main] o.s.b.f.s.DefaultListableBeanFactory     : Creating shared instance of singleton bean 'conversionServicePostProcessor'
2024-11-25T23:29:10.707+03:00 DEBUG 11784 --- [adisyon-backend] [           main] o.s.b.f.s.DefaultListableBeanFactory     : Creating shared instance of singleton bean 'preserveErrorControllerTargetClassPostProcessor'
2024-11-25T23:29:10.709+03:00 DEBUG 11784 --- [adisyon-backend] [           main] o.s.b.f.s.DefaultListableBeanFactory     : Creating shared instance of singleton bean 'org.springframework.context.event.internalEventListenerFactory'
2024-11-25T23:29:10.710+03:00 DEBUG 11784 --- [adisyon-backend] [           main] o.s.b.f.s.DefaultListableBeanFactory     : Creating shared instance of singleton bean 'org.springframework.transaction.config.internalTransactionalEventListenerFactory'
2024-11-25T23:29:10.717+03:00 DEBUG 11784 --- [adisyon-backend] [           main] o.s.b.f.s.DefaultListableBeanFactory     : Creating shared instance of singleton bean 'org.springframework.boot.test.mock.mockito.MockitoPostProcessor$SpyPostProcessor'
2024-11-25T23:29:10.718+03:00 DEBUG 11784 --- [adisyon-backend] [           main] o.s.b.f.s.DefaultListableBeanFactory     : Creating shared instance of singleton bean 'org.springframework.context.annotation.internalAutowiredAnnotationProcessor'
2024-11-25T23:29:10.721+03:00 DEBUG 11784 --- [adisyon-backend] [           main] o.s.b.f.s.DefaultListableBeanFactory     : Creating shared instance of singleton bean 'org.springframework.context.annotation.internalCommonAnnotationProcessor'
2024-11-25T23:29:10.727+03:00 DEBUG 11784 --- [adisyon-backend] [           main] o.s.b.f.s.DefaultListableBeanFactory     : Creating shared instance of singleton bean 'org.springframework.context.annotation.internalPersistenceAnnotationProcessor'
2024-11-25T23:29:10.727+03:00 DEBUG 11784 --- [adisyon-backend] [           main] o.s.b.f.s.DefaultListableBeanFactory     : Creating shared instance of singleton bean 'org.springframework.boot.context.properties.ConfigurationPropertiesBindingPostProcessor'
2024-11-25T23:29:10.728+03:00 DEBUG 11784 --- [adisyon-backend] [           main] o.s.b.f.s.DefaultListableBeanFactory     : Creating shared instance of singleton bean 'org.springframework.boot.context.internalConfigurationPropertiesBinder'
2024-11-25T23:29:10.732+03:00 DEBUG 11784 --- [adisyon-backend] [           main] o.s.b.f.s.DefaultListableBeanFactory     : Creating shared instance of singleton bean 'jdbcConnectionDetailsHikariBeanPostProcessor'
2024-11-25T23:29:10.737+03:00 DEBUG 11784 --- [adisyon-backend] [           main] o.s.b.f.s.DefaultListableBeanFactory     : Creating shared instance of singleton bean 'methodValidationPostProcessor'
2024-11-25T23:29:10.761+03:00 DEBUG 11784 --- [adisyon-backend] [           main] o.s.b.f.s.DefaultListableBeanFactory     : Autowiring by type from bean name 'methodValidationPostProcessor' via factory method to bean named 'environment'
2024-11-25T23:29:10.763+03:00 DEBUG 11784 --- [adisyon-backend] [           main] o.s.b.f.s.DefaultListableBeanFactory     : Creating shared instance of singleton bean 'org.springframework.boot.context.properties.EnableConfigurationPropertiesRegistrar.methodValidationExcludeFilter'
2024-11-25T23:29:10.789+03:00 DEBUG 11784 --- [adisyon-backend] [           main] o.s.b.f.s.DefaultListableBeanFactory     : Creating shared instance of singleton bean 'org.springframework.aop.config.internalAutoProxyCreator'
2024-11-25T23:29:10.814+03:00 DEBUG 11784 --- [adisyon-backend] [           main] o.s.b.f.s.DefaultListableBeanFactory     : Creating shared instance of singleton bean 'persistenceExceptionTranslationPostProcessor'
2024-11-25T23:29:10.815+03:00 DEBUG 11784 --- [adisyon-backend] [           main] o.s.b.f.s.DefaultListableBeanFactory     : Autowiring by type from bean name 'persistenceExceptionTranslationPostProcessor' via factory method to bean named 'environment'
2024-11-25T23:29:10.819+03:00 DEBUG 11784 --- [adisyon-backend] [           main] o.s.b.f.s.DefaultListableBeanFactory     : Creating shared instance of singleton bean 'webServerFactoryCustomizerBeanPostProcessor'
2024-11-25T23:29:10.820+03:00 DEBUG 11784 --- [adisyon-backend] [           main] o.s.b.f.s.DefaultListableBeanFactory     : Creating shared instance of singleton bean 'errorPageRegistrarBeanPostProcessor'
2024-11-25T23:29:10.821+03:00 DEBUG 11784 --- [adisyon-backend] [           main] o.s.b.f.s.DefaultListableBeanFactory     : Creating shared instance of singleton bean 'projectingArgumentResolverBeanPostProcessor'
2024-11-25T23:29:10.823+03:00 DEBUG 11784 --- [adisyon-backend] [           main] o.s.b.f.s.DefaultListableBeanFactory     : Creating shared instance of singleton bean 'org.springframework.transaction.config.internalTransactionAdvisor'
2024-11-25T23:29:10.824+03:00 DEBUG 11784 --- [adisyon-backend] [           main] o.s.b.f.s.DefaultListableBeanFactory     : Creating shared instance of singleton bean 'org.springframework.transaction.annotation.ProxyTransactionManagementConfiguration'
2024-11-25T23:29:10.838+03:00 DEBUG 11784 --- [adisyon-backend] [           main] o.s.b.f.s.DefaultListableBeanFactory     : Creating shared instance of singleton bean 'transactionAttributeSource'
2024-11-25T23:29:10.841+03:00 DEBUG 11784 --- [adisyon-backend] [           main] o.s.b.f.s.DefaultListableBeanFactory     : Creating shared instance of singleton bean 'transactionInterceptor'
2024-11-25T23:29:10.842+03:00 DEBUG 11784 --- [adisyon-backend] [           main] o.s.b.f.s.DefaultListableBeanFactory     : Autowiring by type from bean name 'transactionInterceptor' via factory method to bean named 'transactionAttributeSource'
2024-11-25T23:29:10.850+03:00 DEBUG 11784 --- [adisyon-backend] [           main] o.s.b.f.s.DefaultListableBeanFactory     : Autowiring by type from bean name 'org.springframework.transaction.config.internalTransactionAdvisor' via factory method to bean named 'transactionAttributeSource'
2024-11-25T23:29:10.850+03:00 DEBUG 11784 --- [adisyon-backend] [           main] o.s.b.f.s.DefaultListableBeanFactory     : Autowiring by type from bean name 'org.springframework.transaction.config.internalTransactionAdvisor' via factory method to bean named 'transactionInterceptor'
2024-11-25T23:29:10.881+03:00 DEBUG 11784 --- [adisyon-backend] [           main] o.s.u.c.s.UiApplicationContextUtils      : Unable to locate ThemeSource with name 'themeSource': using default [org.springframework.ui.context.support.ResourceBundleThemeSource@54336976]
2024-11-25T23:29:10.882+03:00 DEBUG 11784 --- [adisyon-backend] [           main] o.s.b.f.s.DefaultListableBeanFactory     : Creating shared instance of singleton bean 'dataSourceScriptDatabaseInitializer'
2024-11-25T23:29:10.883+03:00 DEBUG 11784 --- [adisyon-backend] [           main] o.s.b.f.s.DefaultListableBeanFactory     : Creating shared instance of singleton bean 'org.springframework.boot.autoconfigure.sql.init.DataSourceInitializationConfiguration'
2024-11-25T23:29:10.885+03:00 DEBUG 11784 --- [adisyon-backend] [           main] o.s.b.f.s.DefaultListableBeanFactory     : Creating shared instance of singleton bean 'dataSource'
2024-11-25T23:29:10.885+03:00 DEBUG 11784 --- [adisyon-backend] [           main] o.s.b.f.s.DefaultListableBeanFactory     : Creating shared instance of singleton bean 'org.springframework.boot.autoconfigure.jdbc.DataSourceConfiguration$Hikari'
2024-11-25T23:29:10.887+03:00 DEBUG 11784 --- [adisyon-backend] [           main] o.s.b.f.s.DefaultListableBeanFactory     : Creating shared instance of singleton bean 'spring.datasource-org.springframework.boot.autoconfigure.jdbc.DataSourceProperties'
2024-11-25T23:29:10.888+03:00 DEBUG 11784 --- [adisyon-backend] [           main] o.s.b.f.s.DefaultListableBeanFactory     : Creating shared instance of singleton bean 'org.springframework.boot.context.properties.BoundConfigurationProperties'
2024-11-25T23:29:10.926+03:00 DEBUG 11784 --- [adisyon-backend] [           main] o.s.b.f.s.DefaultListableBeanFactory     : Creating shared instance of singleton bean 'jdbcConnectionDetails'
2024-11-25T23:29:10.926+03:00 DEBUG 11784 --- [adisyon-backend] [           main] o.s.b.f.s.DefaultListableBeanFactory     : Creating shared instance of singleton bean 'org.springframework.boot.autoconfigure.jdbc.DataSourceAutoConfiguration$PooledDataSourceConfiguration'
2024-11-25T23:29:10.928+03:00 DEBUG 11784 --- [adisyon-backend] [           main] o.s.b.f.s.DefaultListableBeanFactory     : Autowiring by type from bean name 'jdbcConnectionDetails' via factory method to bean named 'spring.datasource-org.springframework.boot.autoconfigure.jdbc.DataSourceProperties'
2024-11-25T23:29:10.929+03:00 DEBUG 11784 --- [adisyon-backend] [           main] o.s.b.f.s.DefaultListableBeanFactory     : Autowiring by type from bean name 'dataSource' via factory method to bean named 'spring.datasource-org.springframework.boot.autoconfigure.jdbc.DataSourceProperties'
2024-11-25T23:29:10.929+03:00 DEBUG 11784 --- [adisyon-backend] [           main] o.s.b.f.s.DefaultListableBeanFactory     : Autowiring by type from bean name 'dataSource' via factory method to bean named 'jdbcConnectionDetails'
2024-11-25T23:29:10.968+03:00 DEBUG 11784 --- [adisyon-backend] [           main] o.s.b.f.s.DefaultListableBeanFactory     : Creating shared instance of singleton bean 'spring.sql.init-org.springframework.boot.autoconfigure.sql.init.SqlInitializationProperties'
2024-11-25T23:29:10.972+03:00 DEBUG 11784 --- [adisyon-backend] [           main] o.s.b.f.s.DefaultListableBeanFactory     : Autowiring by type from bean name 'dataSourceScriptDatabaseInitializer' via factory method to bean named 'dataSource'
2024-11-25T23:29:10.973+03:00 DEBUG 11784 --- [adisyon-backend] [           main] o.s.b.f.s.DefaultListableBeanFactory     : Autowiring by type from bean name 'dataSourceScriptDatabaseInitializer' via factory method to bean named 'spring.sql.init-org.springframework.boot.autoconfigure.sql.init.SqlInitializationProperties'
2024-11-25T23:29:10.982+03:00 DEBUG 11784 --- [adisyon-backend] [           main] o.s.b.f.s.DefaultListableBeanFactory     : Creating shared instance of singleton bean 'entityManagerFactory'
2024-11-25T23:29:10.983+03:00 DEBUG 11784 --- [adisyon-backend] [           main] o.s.b.f.s.DefaultListableBeanFactory     : Creating shared instance of singleton bean 'org.springframework.boot.autoconfigure.orm.jpa.HibernateJpaConfiguration'
2024-11-25T23:29:10.985+03:00 DEBUG 11784 --- [adisyon-backend] [           main] o.s.b.f.s.DefaultListableBeanFactory     : Creating shared instance of singleton bean 'spring.jpa-org.springframework.boot.autoconfigure.orm.jpa.JpaProperties'
2024-11-25T23:29:10.992+03:00 DEBUG 11784 --- [adisyon-backend] [           main] o.s.b.f.s.DefaultListableBeanFactory     : Creating shared instance of singleton bean 'spring.jpa.hibernate-org.springframework.boot.autoconfigure.orm.jpa.HibernateProperties'
2024-11-25T23:29:10.995+03:00 DEBUG 11784 --- [adisyon-backend] [           main] o.s.b.f.s.DefaultListableBeanFactory     : Autowiring by type from bean name 'org.springframework.boot.autoconfigure.orm.jpa.HibernateJpaConfiguration' via constructor to bean named 'dataSource'
2024-11-25T23:29:10.995+03:00 DEBUG 11784 --- [adisyon-backend] [           main] o.s.b.f.s.DefaultListableBeanFactory     : Autowiring by type from bean name 'org.springframework.boot.autoconfigure.orm.jpa.HibernateJpaConfiguration' via constructor to bean named 'spring.jpa-org.springframework.boot.autoconfigure.orm.jpa.JpaProperties'
2024-11-25T23:29:10.996+03:00 DEBUG 11784 --- [adisyon-backend] [           main] o.s.b.f.s.DefaultListableBeanFactory     : Autowiring by type from bean name 'org.springframework.boot.autoconfigure.orm.jpa.HibernateJpaConfiguration' via constructor to bean named 'org.springframework.beans.factory.support.DefaultListableBeanFactory@26a529dc'
2024-11-25T23:29:10.996+03:00 DEBUG 11784 --- [adisyon-backend] [           main] o.s.b.f.s.DefaultListableBeanFactory     : Autowiring by type from bean name 'org.springframework.boot.autoconfigure.orm.jpa.HibernateJpaConfiguration' via constructor to bean named 'spring.jpa.hibernate-org.springframework.boot.autoconfigure.orm.jpa.HibernateProperties'
2024-11-25T23:29:10.999+03:00 DEBUG 11784 --- [adisyon-backend] [           main] o.s.b.f.s.DefaultListableBeanFactory     : Creating shared instance of singleton bean 'hikariPoolDataSourceMetadataProvider'
2024-11-25T23:29:10.999+03:00 DEBUG 11784 --- [adisyon-backend] [           main] o.s.b.f.s.DefaultListableBeanFactory     : Creating shared instance of singleton bean 'org.springframework.boot.autoconfigure.jdbc.metadata.DataSourcePoolMetadataProvidersConfiguration$HikariPoolDataSourceMetadataProviderConfiguration'
2024-11-25T23:29:11.007+03:00 DEBUG 11784 --- [adisyon-backend] [           main] o.s.b.f.s.DefaultListableBeanFactory     : Creating shared instance of singleton bean 'entityManagerFactoryBuilder'
2024-11-25T23:29:11.009+03:00 DEBUG 11784 --- [adisyon-backend] [           main] o.s.b.f.s.DefaultListableBeanFactory     : Creating shared instance of singleton bean 'jpaVendorAdapter'
2024-11-25T23:29:11.033+03:00 DEBUG 11784 --- [adisyon-backend] [           main] o.s.b.f.s.DefaultListableBeanFactory     : Autowiring by type from bean name 'entityManagerFactoryBuilder' via factory method to bean named 'jpaVendorAdapter'
2024-11-25T23:29:11.041+03:00 DEBUG 11784 --- [adisyon-backend] [           main] o.s.b.f.s.DefaultListableBeanFactory     : Creating shared instance of singleton bean 'persistenceManagedTypes'
2024-11-25T23:29:11.044+03:00 DEBUG 11784 --- [adisyon-backend] [           main] o.s.b.f.s.DefaultListableBeanFactory     : Autowiring by type from bean name 'persistenceManagedTypes' via factory method to bean named 'org.springframework.beans.factory.support.DefaultListableBeanFactory@26a529dc'
2024-11-25T23:29:11.044+03:00 DEBUG 11784 --- [adisyon-backend] [           main] o.s.b.f.s.DefaultListableBeanFactory     : Autowiring by type from bean name 'persistenceManagedTypes' via factory method to bean named 'org.springframework.web.context.support.GenericWebApplicationContext@7bdf6bb7'
2024-11-25T23:29:11.078+03:00 DEBUG 11784 --- [adisyon-backend] [           main] o.s.b.f.s.DefaultListableBeanFactory     : Autowiring by type from bean name 'entityManagerFactory' via factory method to bean named 'entityManagerFactoryBuilder'
2024-11-25T23:29:11.078+03:00 DEBUG 11784 --- [adisyon-backend] [           main] o.s.b.f.s.DefaultListableBeanFactory     : Autowiring by type from bean name 'entityManagerFactory' via factory method to bean named 'persistenceManagedTypes'
2024-11-25T23:29:11.100+03:00 DEBUG 11784 --- [adisyon-backend] [           main] j.LocalContainerEntityManagerFactoryBean : Building JPA container EntityManagerFactory for persistence unit 'default'
2024-11-25T23:29:11.125+03:00  INFO 11784 --- [adisyon-backend] [           main] o.hibernate.jpa.internal.util.LogHelper  : HHH000204: Processing PersistenceUnitInfo [name: default]
2024-11-25T23:29:11.239+03:00  INFO 11784 --- [adisyon-backend] [           main] org.hibernate.Version                    : HHH000412: Hibernate ORM core version 6.5.3.Final
2024-11-25T23:29:11.299+03:00  INFO 11784 --- [adisyon-backend] [           main] o.h.c.internal.RegionFactoryInitiator    : HHH000026: Second-level cache disabled
2024-11-25T23:29:11.958+03:00  INFO 11784 --- [adisyon-backend] [           main] o.s.o.j.p.SpringPersistenceUnitInfo      : No LoadTimeWeaver setup: ignoring JPA class transformer
2024-11-25T23:29:12.014+03:00  INFO 11784 --- [adisyon-backend] [           main] com.zaxxer.hikari.HikariDataSource       : HikariPool-1 - Starting...
2024-11-25T23:29:12.546+03:00  INFO 11784 --- [adisyon-backend] [           main] com.zaxxer.hikari.pool.HikariPool        : HikariPool-1 - Added connection com.mysql.cj.jdbc.ConnectionImpl@1f60824e
2024-11-25T23:29:12.550+03:00  INFO 11784 --- [adisyon-backend] [           main] com.zaxxer.hikari.HikariDataSource       : HikariPool-1 - Start completed.
2024-11-25T23:29:12.618+03:00  WARN 11784 --- [adisyon-backend] [           main] org.hibernate.orm.deprecation            : HHH90000025: MySQLDialect does not need to be specified explicitly using 'hibernate.dialect' (remove the property setting and it will be selected by default)
2024-11-25T23:29:14.619+03:00  INFO 11784 --- [adisyon-backend] [           main] o.h.e.t.j.p.i.JtaPlatformInitiator       : HHH000489: No JTA platform available (set 'hibernate.transaction.jta.platform' to enable JTA platform integration)
2024-11-25T23:29:14.972+03:00  INFO 11784 --- [adisyon-backend] [           main] j.LocalContainerEntityManagerFactoryBean : Initialized JPA EntityManagerFactory for persistence unit 'default'
2024-11-25T23:29:14.976+03:00 DEBUG 11784 --- [adisyon-backend] [           main] o.s.b.f.s.DefaultListableBeanFactory     : Creating shared instance of singleton bean 'adisyonBackendApplication'
2024-11-25T23:29:14.978+03:00 DEBUG 11784 --- [adisyon-backend] [           main] o.s.b.f.s.DefaultListableBeanFactory     : Creating shared instance of singleton bean 'appConfig'
2024-11-25T23:29:14.979+03:00 DEBUG 11784 --- [adisyon-backend] [           main] o.s.b.f.s.DefaultListableBeanFactory     : Creating shared instance of singleton bean 'jwtProvider'
2024-11-25T23:29:14.983+03:00 DEBUG 11784 --- [adisyon-backend] [           main] o.s.b.f.s.DefaultListableBeanFactory     : Creating shared instance of singleton bean 'authController'
2024-11-25T23:29:14.996+03:00 DEBUG 11784 --- [adisyon-backend] [           main] o.s.b.f.s.DefaultListableBeanFactory     : Creating shared instance of singleton bean 'userDetailsServiceImpl'
2024-11-25T23:29:14.997+03:00 DEBUG 11784 --- [adisyon-backend] [           main] o.s.b.f.s.DefaultListableBeanFactory     : Creating shared instance of singleton bean 'userRepository'
2024-11-25T23:29:15.006+03:00 DEBUG 11784 --- [adisyon-backend] [           main] o.s.b.f.s.DefaultListableBeanFactory     : Creating shared instance of singleton bean 'jpa.named-queries#15'
2024-11-25T23:29:15.009+03:00 DEBUG 11784 --- [adisyon-backend] [           main] o.s.b.f.s.DefaultListableBeanFactory     : Creating shared instance of singleton bean 'jpa.UserRepository.fragments#0'
2024-11-25T23:29:15.015+03:00 DEBUG 11784 --- [adisyon-backend] [           main] o.s.b.f.s.DefaultListableBeanFactory     : Creating shared instance of singleton bean 'jpaSharedEM_entityManagerFactory'
2024-11-25T23:29:15.058+03:00 DEBUG 11784 --- [adisyon-backend] [           main] o.s.b.f.s.DefaultListableBeanFactory     : Creating shared instance of singleton bean 'jpaMappingContext'
2024-11-25T23:29:15.059+03:00 DEBUG 11784 --- [adisyon-backend] [           main] .c.JpaMetamodelMappingContextFactoryBean : Initializing JpaMetamodelMappingContext…
2024-11-25T23:29:15.081+03:00 DEBUG 11784 --- [adisyon-backend] [           main] .c.JpaMetamodelMappingContextFactoryBean : Finished initializing JpaMetamodelMappingContext
2024-11-25T23:29:15.116+03:00 DEBUG 11784 --- [adisyon-backend] [           main] tor$SharedEntityManagerInvocationHandler : Creating new EntityManager for shared EntityManager invocation
2024-11-25T23:29:15.216+03:00 DEBUG 11784 --- [adisyon-backend] [           main] tor$SharedEntityManagerInvocationHandler : Creating new EntityManager for shared EntityManager invocation
2024-11-25T23:29:15.296+03:00 DEBUG 11784 --- [adisyon-backend] [           main] o.s.d.r.c.s.RepositoryFactorySupport     : Initializing repository instance for com.adisyon.adisyon_backend.Repositories.User.UserRepository…
2024-11-25T23:29:15.315+03:00 DEBUG 11784 --- [adisyon-backend] [           main] tor$SharedEntityManagerInvocationHandler : Creating new EntityManager for shared EntityManager invocation
2024-11-25T23:29:15.378+03:00 DEBUG 11784 --- [adisyon-backend] [           main] o.s.d.jpa.repository.query.NamedQuery    : Looking up named query User.findByUserName
2024-11-25T23:29:15.382+03:00 DEBUG 11784 --- [adisyon-backend] [           main] o.s.d.jpa.repository.query.NamedQuery    : Did not find named query User.findByUserName
2024-11-25T23:29:15.387+03:00 DEBUG 11784 --- [adisyon-backend] [           main] tor$SharedEntityManagerInvocationHandler : Creating new EntityManager for shared EntityManager invocation
2024-11-25T23:29:15.475+03:00 DEBUG 11784 --- [adisyon-backend] [           main] o.s.d.jpa.repository.query.NamedQuery    : Looking up named query User.findByEmail
2024-11-25T23:29:15.475+03:00 DEBUG 11784 --- [adisyon-backend] [           main] o.s.d.jpa.repository.query.NamedQuery    : Did not find named query User.findByEmail
2024-11-25T23:29:15.475+03:00 DEBUG 11784 --- [adisyon-backend] [           main] tor$SharedEntityManagerInvocationHandler : Creating new EntityManager for shared EntityManager invocation
2024-11-25T23:29:15.480+03:00 DEBUG 11784 --- [adisyon-backend] [           main] o.s.d.r.c.s.RepositoryFactorySupport     : Finished creation of repository instance for com.adisyon.adisyon_backend.Repositories.User.UserRepository.
2024-11-25T23:29:15.486+03:00 DEBUG 11784 --- [adisyon-backend] [           main] o.s.b.f.s.DefaultListableBeanFactory     : Creating shared instance of singleton bean 'ownerController'
2024-11-25T23:29:15.490+03:00 DEBUG 11784 --- [adisyon-backend] [           main] o.s.b.f.s.DefaultListableBeanFactory     : Creating shared instance of singleton bean 'ownerServiceImpl'
2024-11-25T23:29:15.492+03:00 DEBUG 11784 --- [adisyon-backend] [           main] o.s.b.f.s.DefaultListableBeanFactory     : Creating shared instance of singleton bean 'ownerRepository'
2024-11-25T23:29:15.494+03:00 DEBUG 11784 --- [adisyon-backend] [           main] o.s.b.f.s.DefaultListableBeanFactory     : Creating shared instance of singleton bean 'jpa.named-queries#7'
2024-11-25T23:29:15.495+03:00 DEBUG 11784 --- [adisyon-backend] [           main] o.s.b.f.s.DefaultListableBeanFactory     : Creating shared instance of singleton bean 'jpa.OwnerRepository.fragments#0'
2024-11-25T23:29:15.497+03:00 DEBUG 11784 --- [adisyon-backend] [           main] tor$SharedEntityManagerInvocationHandler : Creating new EntityManager for shared EntityManager invocation
2024-11-25T23:29:15.590+03:00 DEBUG 11784 --- [adisyon-backend] [           main] o.s.d.r.c.s.RepositoryFactorySupport     : Initializing repository instance for com.adisyon.adisyon_backend.Repositories.Owner.OwnerRepository…
2024-11-25T23:29:15.591+03:00 DEBUG 11784 --- [adisyon-backend] [           main] tor$SharedEntityManagerInvocationHandler : Creating new EntityManager for shared EntityManager invocation
2024-11-25T23:29:15.598+03:00 DEBUG 11784 --- [adisyon-backend] [           main] o.s.d.r.c.s.RepositoryFactorySupport     : Finished creation of repository instance for com.adisyon.adisyon_backend.Repositories.Owner.OwnerRepository.
2024-11-25T23:29:15.600+03:00 DEBUG 11784 --- [adisyon-backend] [           main] o.s.b.f.s.DefaultListableBeanFactory     : Creating shared instance of singleton bean 'companyServiceImpl'
2024-11-25T23:29:15.604+03:00 DEBUG 11784 --- [adisyon-backend] [           main] o.s.b.f.s.DefaultListableBeanFactory     : Creating shared instance of singleton bean 'companyRepository'
2024-11-25T23:29:15.606+03:00 DEBUG 11784 --- [adisyon-backend] [           main] o.s.b.f.s.DefaultListableBeanFactory     : Creating shared instance of singleton bean 'jpa.named-queries#13'
2024-11-25T23:29:15.608+03:00 DEBUG 11784 --- [adisyon-backend] [           main] o.s.b.f.s.DefaultListableBeanFactory     : Creating shared instance of singleton bean 'jpa.CompanyRepository.fragments#0'
2024-11-25T23:29:15.609+03:00 DEBUG 11784 --- [adisyon-backend] [           main] tor$SharedEntityManagerInvocationHandler : Creating new EntityManager for shared EntityManager invocation
2024-11-25T23:29:15.611+03:00 DEBUG 11784 --- [adisyon-backend] [           main] o.s.d.r.c.s.RepositoryFactorySupport     : Initializing repository instance for com.adisyon.adisyon_backend.Repositories.Company.CompanyRepository…
2024-11-25T23:29:15.611+03:00 DEBUG 11784 --- [adisyon-backend] [           main] tor$SharedEntityManagerInvocationHandler : Creating new EntityManager for shared EntityManager invocation
2024-11-25T23:29:15.614+03:00 DEBUG 11784 --- [adisyon-backend] [           main] o.s.d.jpa.repository.query.NamedQuery    : Looking up named query Company.findByIsActive
2024-11-25T23:29:15.615+03:00 DEBUG 11784 --- [adisyon-backend] [           main] o.s.d.jpa.repository.query.NamedQuery    : Did not find named query Company.findByIsActive
2024-11-25T23:29:15.615+03:00 DEBUG 11784 --- [adisyon-backend] [           main] tor$SharedEntityManagerInvocationHandler : Creating new EntityManager for shared EntityManager invocation
2024-11-25T23:29:15.618+03:00 DEBUG 11784 --- [adisyon-backend] [           main] o.s.d.jpa.repository.query.NamedQuery    : Looking up named query Company.findByOwnerId
2024-11-25T23:29:15.618+03:00 DEBUG 11784 --- [adisyon-backend] [           main] o.s.d.jpa.repository.query.NamedQuery    : Did not find named query Company.findByOwnerId
2024-11-25T23:29:15.618+03:00 DEBUG 11784 --- [adisyon-backend] [           main] tor$SharedEntityManagerInvocationHandler : Creating new EntityManager for shared EntityManager invocation
2024-11-25T23:29:15.627+03:00 DEBUG 11784 --- [adisyon-backend] [           main] o.s.d.jpa.repository.query.NamedQuery    : Looking up named query Company.findByEmployeesId
2024-11-25T23:29:15.628+03:00 DEBUG 11784 --- [adisyon-backend] [           main] o.s.d.jpa.repository.query.NamedQuery    : Did not find named query Company.findByEmployeesId
2024-11-25T23:29:15.628+03:00 DEBUG 11784 --- [adisyon-backend] [           main] tor$SharedEntityManagerInvocationHandler : Creating new EntityManager for shared EntityManager invocation
2024-11-25T23:29:15.637+03:00 DEBUG 11784 --- [adisyon-backend] [           main] o.s.d.r.c.s.RepositoryFactorySupport     : Finished creation of repository instance for com.adisyon.adisyon_backend.Repositories.Company.CompanyRepository.
2024-11-25T23:29:15.639+03:00 DEBUG 11784 --- [adisyon-backend] [           main] o.s.b.f.s.DefaultListableBeanFactory     : Creating shared instance of singleton bean 'basketServiceImpl'
2024-11-25T23:29:15.644+03:00 DEBUG 11784 --- [adisyon-backend] [           main] o.s.b.f.s.DefaultListableBeanFactory     : Creating shared instance of singleton bean 'basketRepository'
2024-11-25T23:29:15.646+03:00 DEBUG 11784 --- [adisyon-backend] [           main] o.s.b.f.s.DefaultListableBeanFactory     : Creating shared instance of singleton bean 'jpa.named-queries#0'
2024-11-25T23:29:15.647+03:00 DEBUG 11784 --- [adisyon-backend] [           main] o.s.b.f.s.DefaultListableBeanFactory     : Creating shared instance of singleton bean 'jpa.BasketRepository.fragments#0'
2024-11-25T23:29:15.648+03:00 DEBUG 11784 --- [adisyon-backend] [           main] tor$SharedEntityManagerInvocationHandler : Creating new EntityManager for shared EntityManager invocation
2024-11-25T23:29:15.649+03:00 DEBUG 11784 --- [adisyon-backend] [           main] o.s.d.r.c.s.RepositoryFactorySupport     : Initializing repository instance for com.adisyon.adisyon_backend.Repositories.Basket.BasketRepository…
2024-11-25T23:29:15.650+03:00 DEBUG 11784 --- [adisyon-backend] [           main] tor$SharedEntityManagerInvocationHandler : Creating new EntityManager for shared EntityManager invocation
2024-11-25T23:29:15.653+03:00 DEBUG 11784 --- [adisyon-backend] [           main] o.s.d.jpa.repository.query.NamedQuery    : Looking up named query Basket.findByCompanyId
2024-11-25T23:29:15.653+03:00 DEBUG 11784 --- [adisyon-backend] [           main] o.s.d.jpa.repository.query.NamedQuery    : Did not find named query Basket.findByCompanyId
2024-11-25T23:29:15.654+03:00 DEBUG 11784 --- [adisyon-backend] [           main] tor$SharedEntityManagerInvocationHandler : Creating new EntityManager for shared EntityManager invocation
2024-11-25T23:29:15.659+03:00 DEBUG 11784 --- [adisyon-backend] [           main] o.s.d.r.c.s.RepositoryFactorySupport     : Finished creation of repository instance for com.adisyon.adisyon_backend.Repositories.Basket.BasketRepository.
2024-11-25T23:29:15.660+03:00 DEBUG 11784 --- [adisyon-backend] [           main] o.s.b.f.s.DefaultListableBeanFactory     : Creating shared instance of singleton bean 'cartServiceImpl'
2024-11-25T23:29:15.665+03:00 DEBUG 11784 --- [adisyon-backend] [           main] o.s.b.f.s.DefaultListableBeanFactory     : Creating shared instance of singleton bean 'cartRepository'
2024-11-25T23:29:15.666+03:00 DEBUG 11784 --- [adisyon-backend] [           main] o.s.b.f.s.DefaultListableBeanFactory     : Creating shared instance of singleton bean 'jpa.named-queries#10'
2024-11-25T23:29:15.667+03:00 DEBUG 11784 --- [adisyon-backend] [           main] o.s.b.f.s.DefaultListableBeanFactory     : Creating shared instance of singleton bean 'jpa.CartRepository.fragments#0'
2024-11-25T23:29:15.668+03:00 DEBUG 11784 --- [adisyon-backend] [           main] tor$SharedEntityManagerInvocationHandler : Creating new EntityManager for shared EntityManager invocation
2024-11-25T23:29:15.669+03:00 DEBUG 11784 --- [adisyon-backend] [           main] o.s.d.r.c.s.RepositoryFactorySupport     : Initializing repository instance for com.adisyon.adisyon_backend.Repositories.Cart.CartRepository…
2024-11-25T23:29:15.670+03:00 DEBUG 11784 --- [adisyon-backend] [           main] tor$SharedEntityManagerInvocationHandler : Creating new EntityManager for shared EntityManager invocation
2024-11-25T23:29:15.672+03:00 DEBUG 11784 --- [adisyon-backend] [           main] o.s.d.jpa.repository.query.NamedQuery    : Looking up named query Cart.findByBasketId
2024-11-25T23:29:15.673+03:00 DEBUG 11784 --- [adisyon-backend] [           main] o.s.d.jpa.repository.query.NamedQuery    : Did not find named query Cart.findByBasketId
2024-11-25T23:29:15.673+03:00 DEBUG 11784 --- [adisyon-backend] [           main] tor$SharedEntityManagerInvocationHandler : Creating new EntityManager for shared EntityManager invocation
2024-11-25T23:29:15.679+03:00 DEBUG 11784 --- [adisyon-backend] [           main] o.s.d.r.c.s.RepositoryFactorySupport     : Finished creation of repository instance for com.adisyon.adisyon_backend.Repositories.Cart.CartRepository.
2024-11-25T23:29:15.722+03:00 DEBUG 11784 --- [adisyon-backend] [           main] o.s.b.f.s.DefaultListableBeanFactory     : Creating shared instance of singleton bean 'passwordEncoder'
2024-11-25T23:29:15.738+03:00 DEBUG 11784 --- [adisyon-backend] [           main] o.s.b.f.s.DefaultListableBeanFactory     : Creating shared instance of singleton bean 'employeeController'
2024-11-25T23:29:15.741+03:00 DEBUG 11784 --- [adisyon-backend] [           main] o.s.b.f.s.DefaultListableBeanFactory     : Creating shared instance of singleton bean 'employeeServiceImpl'
2024-11-25T23:29:15.742+03:00 DEBUG 11784 --- [adisyon-backend] [           main] o.s.b.f.s.DefaultListableBeanFactory     : Creating shared instance of singleton bean 'employeeRepository'
2024-11-25T23:29:15.743+03:00 DEBUG 11784 --- [adisyon-backend] [           main] o.s.b.f.s.DefaultListableBeanFactory     : Creating shared instance of singleton bean 'jpa.named-queries#2'
2024-11-25T23:29:15.745+03:00 DEBUG 11784 --- [adisyon-backend] [           main] o.s.b.f.s.DefaultListableBeanFactory     : Creating shared instance of singleton bean 'jpa.EmployeeRepository.fragments#0'
2024-11-25T23:29:15.746+03:00 DEBUG 11784 --- [adisyon-backend] [           main] tor$SharedEntityManagerInvocationHandler : Creating new EntityManager for shared EntityManager invocation
2024-11-25T23:29:15.746+03:00 DEBUG 11784 --- [adisyon-backend] [           main] o.s.d.r.c.s.RepositoryFactorySupport     : Initializing repository instance for com.adisyon.adisyon_backend.Repositories.Employee.EmployeeRepository…
2024-11-25T23:29:15.747+03:00 DEBUG 11784 --- [adisyon-backend] [           main] tor$SharedEntityManagerInvocationHandler : Creating new EntityManager for shared EntityManager invocation
2024-11-25T23:29:15.751+03:00 DEBUG 11784 --- [adisyon-backend] [           main] o.s.d.r.c.s.RepositoryFactorySupport     : Finished creation of repository instance for com.adisyon.adisyon_backend.Repositories.Employee.EmployeeRepository.
2024-11-25T23:29:15.762+03:00 DEBUG 11784 --- [adisyon-backend] [           main] o.s.b.f.s.DefaultListableBeanFactory     : Creating shared instance of singleton bean 'basketCategoryController'
2024-11-25T23:29:15.766+03:00 DEBUG 11784 --- [adisyon-backend] [           main] o.s.b.f.s.DefaultListableBeanFactory     : Creating shared instance of singleton bean 'basketCategoryServiceImpl'
2024-11-25T23:29:15.767+03:00 DEBUG 11784 --- [adisyon-backend] [           main] o.s.b.f.s.DefaultListableBeanFactory     : Creating shared instance of singleton bean 'basketCategoryRepository'
2024-11-25T23:29:15.769+03:00 DEBUG 11784 --- [adisyon-backend] [           main] o.s.b.f.s.DefaultListableBeanFactory     : Creating shared instance of singleton bean 'jpa.named-queries#9'
2024-11-25T23:29:15.770+03:00 DEBUG 11784 --- [adisyon-backend] [           main] o.s.b.f.s.DefaultListableBeanFactory     : Creating shared instance of singleton bean 'jpa.BasketCategoryRepository.fragments#0'
2024-11-25T23:29:15.772+03:00 DEBUG 11784 --- [adisyon-backend] [           main] tor$SharedEntityManagerInvocationHandler : Creating new EntityManager for shared EntityManager invocation
2024-11-25T23:29:15.772+03:00 DEBUG 11784 --- [adisyon-backend] [           main] o.s.d.r.c.s.RepositoryFactorySupport     : Initializing repository instance for com.adisyon.adisyon_backend.Repositories.BasketCategory.BasketCategoryRepository…
2024-11-25T23:29:15.773+03:00 DEBUG 11784 --- [adisyon-backend] [           main] tor$SharedEntityManagerInvocationHandler : Creating new EntityManager for shared EntityManager invocation
2024-11-25T23:29:15.775+03:00 DEBUG 11784 --- [adisyon-backend] [           main] o.s.d.jpa.repository.query.NamedQuery    : Looking up named query BasketCategory.findByCompanyId
2024-11-25T23:29:15.775+03:00 DEBUG 11784 --- [adisyon-backend] [           main] o.s.d.jpa.repository.query.NamedQuery    : Did not find named query BasketCategory.findByCompanyId
2024-11-25T23:29:15.775+03:00 DEBUG 11784 --- [adisyon-backend] [           main] tor$SharedEntityManagerInvocationHandler : Creating new EntityManager for shared EntityManager invocation
2024-11-25T23:29:15.781+03:00 DEBUG 11784 --- [adisyon-backend] [           main] o.s.d.r.c.s.RepositoryFactorySupport     : Finished creation of repository instance for com.adisyon.adisyon_backend.Repositories.BasketCategory.BasketCategoryRepository.
2024-11-25T23:29:15.790+03:00 DEBUG 11784 --- [adisyon-backend] [           main] o.s.b.f.s.DefaultListableBeanFactory     : Creating shared instance of singleton bean 'basketController'
2024-11-25T23:29:15.792+03:00 DEBUG 11784 --- [adisyon-backend] [           main] o.s.b.f.s.DefaultListableBeanFactory     : Creating shared instance of singleton bean 'cartController'
2024-11-25T23:29:15.797+03:00 DEBUG 11784 --- [adisyon-backend] [           main] o.s.b.f.s.DefaultListableBeanFactory     : Creating shared instance of singleton bean 'cartProductServiceImpl'
2024-11-25T23:29:15.798+03:00 DEBUG 11784 --- [adisyon-backend] [           main] o.s.b.f.s.DefaultListableBeanFactory     : Creating shared instance of singleton bean 'cartProductRepository'
2024-11-25T23:29:15.800+03:00 DEBUG 11784 --- [adisyon-backend] [           main] o.s.b.f.s.DefaultListableBeanFactory     : Creating shared instance of singleton bean 'jpa.named-queries#6'
2024-11-25T23:29:15.802+03:00 DEBUG 11784 --- [adisyon-backend] [           main] o.s.b.f.s.DefaultListableBeanFactory     : Creating shared instance of singleton bean 'jpa.CartProductRepository.fragments#0'
2024-11-25T23:29:15.803+03:00 DEBUG 11784 --- [adisyon-backend] [           main] tor$SharedEntityManagerInvocationHandler : Creating new EntityManager for shared EntityManager invocation
2024-11-25T23:29:15.804+03:00 DEBUG 11784 --- [adisyon-backend] [           main] o.s.d.r.c.s.RepositoryFactorySupport     : Initializing repository instance for com.adisyon.adisyon_backend.Repositories.CartProduct.CartProductRepository…
2024-11-25T23:29:15.805+03:00 DEBUG 11784 --- [adisyon-backend] [           main] tor$SharedEntityManagerInvocationHandler : Creating new EntityManager for shared EntityManager invocation
2024-11-25T23:29:15.807+03:00 DEBUG 11784 --- [adisyon-backend] [           main] o.s.d.jpa.repository.query.NamedQuery    : Looking up named query CartProduct.findByCartId
2024-11-25T23:29:15.808+03:00 DEBUG 11784 --- [adisyon-backend] [           main] o.s.d.jpa.repository.query.NamedQuery    : Did not find named query CartProduct.findByCartId
2024-11-25T23:29:15.808+03:00 DEBUG 11784 --- [adisyon-backend] [           main] tor$SharedEntityManagerInvocationHandler : Creating new EntityManager for shared EntityManager invocation
2024-11-25T23:29:15.814+03:00 DEBUG 11784 --- [adisyon-backend] [           main] o.s.d.r.c.s.RepositoryFactorySupport     : Finished creation of repository instance for com.adisyon.adisyon_backend.Repositories.CartProduct.CartProductRepository.
2024-11-25T23:29:15.817+03:00 DEBUG 11784 --- [adisyon-backend] [           main] o.s.b.f.s.DefaultListableBeanFactory     : Creating shared instance of singleton bean 'productServiceImpl'
2024-11-25T23:29:15.822+03:00 DEBUG 11784 --- [adisyon-backend] [           main] o.s.b.f.s.DefaultListableBeanFactory     : Creating shared instance of singleton bean 'productRepository'
2024-11-25T23:29:15.824+03:00 DEBUG 11784 --- [adisyon-backend] [           main] o.s.b.f.s.DefaultListableBeanFactory     : Creating shared instance of singleton bean 'jpa.named-queries#3'
2024-11-25T23:29:15.825+03:00 DEBUG 11784 --- [adisyon-backend] [           main] o.s.b.f.s.DefaultListableBeanFactory     : Creating shared instance of singleton bean 'jpa.ProductRepository.fragments#0'
2024-11-25T23:29:15.827+03:00 DEBUG 11784 --- [adisyon-backend] [           main] tor$SharedEntityManagerInvocationHandler : Creating new EntityManager for shared EntityManager invocation
2024-11-25T23:29:15.827+03:00 DEBUG 11784 --- [adisyon-backend] [           main] o.s.d.r.c.s.RepositoryFactorySupport     : Initializing repository instance for com.adisyon.adisyon_backend.Repositories.Product.ProductRepository…
2024-11-25T23:29:15.828+03:00 DEBUG 11784 --- [adisyon-backend] [           main] tor$SharedEntityManagerInvocationHandler : Creating new EntityManager for shared EntityManager invocation
2024-11-25T23:29:15.860+03:00  INFO 11784 --- [adisyon-backend] [           main] o.s.d.j.r.query.QueryEnhancerFactory     : Hibernate is in classpath; If applicable, HQL parser will be used.
2024-11-25T23:29:16.109+03:00 DEBUG 11784 --- [adisyon-backend] [           main] o.s.d.jpa.repository.query.NamedQuery    : Did not find named query Product.searchProduct.count
2024-11-25T23:29:16.110+03:00 DEBUG 11784 --- [adisyon-backend] [           main] tor$SharedEntityManagerInvocationHandler : Creating new EntityManager for shared EntityManager invocation
2024-11-25T23:29:16.384+03:00 DEBUG 11784 --- [adisyon-backend] [           main] o.s.d.jpa.repository.query.NamedQuery    : Looking up named query Product.findByCompanyId
2024-11-25T23:29:16.385+03:00 DEBUG 11784 --- [adisyon-backend] [           main] o.s.d.jpa.repository.query.NamedQuery    : Did not find named query Product.findByCompanyId
2024-11-25T23:29:16.385+03:00 DEBUG 11784 --- [adisyon-backend] [           main] tor$SharedEntityManagerInvocationHandler : Creating new EntityManager for shared EntityManager invocation
2024-11-25T23:29:16.392+03:00 DEBUG 11784 --- [adisyon-backend] [           main] o.s.d.r.c.s.RepositoryFactorySupport     : Finished creation of repository instance for com.adisyon.adisyon_backend.Repositories.Product.ProductRepository.
2024-11-25T23:29:16.397+03:00 DEBUG 11784 --- [adisyon-backend] [           main] o.s.b.f.s.DefaultListableBeanFactory     : Creating shared instance of singleton bean 'companyController'
2024-11-25T23:29:16.400+03:00 DEBUG 11784 --- [adisyon-backend] [           main] o.s.b.f.s.DefaultListableBeanFactory     : Creating shared instance of singleton bean 'orderController'
2024-11-25T23:29:16.415+03:00 DEBUG 11784 --- [adisyon-backend] [           main] o.s.b.f.s.DefaultListableBeanFactory     : Creating shared instance of singleton bean 'orderServiceImpl'
2024-11-25T23:29:16.417+03:00 DEBUG 11784 --- [adisyon-backend] [           main] o.s.b.f.s.DefaultListableBeanFactory     : Creating shared instance of singleton bean 'orderRepository'
2024-11-25T23:29:16.419+03:00 DEBUG 11784 --- [adisyon-backend] [           main] o.s.b.f.s.DefaultListableBeanFactory     : Creating shared instance of singleton bean 'jpa.named-queries#1'
2024-11-25T23:29:16.420+03:00 DEBUG 11784 --- [adisyon-backend] [           main] o.s.b.f.s.DefaultListableBeanFactory     : Creating shared instance of singleton bean 'jpa.OrderRepository.fragments#0'
2024-11-25T23:29:16.420+03:00 DEBUG 11784 --- [adisyon-backend] [           main] tor$SharedEntityManagerInvocationHandler : Creating new EntityManager for shared EntityManager invocation
2024-11-25T23:29:16.421+03:00 DEBUG 11784 --- [adisyon-backend] [           main] o.s.d.r.c.s.RepositoryFactorySupport     : Initializing repository instance for com.adisyon.adisyon_backend.Repositories.Order.OrderRepository…
2024-11-25T23:29:16.421+03:00 DEBUG 11784 --- [adisyon-backend] [           main] tor$SharedEntityManagerInvocationHandler : Creating new EntityManager for shared EntityManager invocation
2024-11-25T23:29:16.424+03:00 DEBUG 11784 --- [adisyon-backend] [           main] o.s.d.jpa.repository.query.NamedQuery    : Looking up named query Order.findByBasketId
2024-11-25T23:29:16.424+03:00 DEBUG 11784 --- [adisyon-backend] [           main] o.s.d.jpa.repository.query.NamedQuery    : Did not find named query Order.findByBasketId
2024-11-25T23:29:16.425+03:00 DEBUG 11784 --- [adisyon-backend] [           main] tor$SharedEntityManagerInvocationHandler : Creating new EntityManager for shared EntityManager invocation
2024-11-25T23:29:16.427+03:00 DEBUG 11784 --- [adisyon-backend] [           main] o.s.d.jpa.repository.query.NamedQuery    : Looking up named query Order.findByCompanyId
2024-11-25T23:29:16.427+03:00 DEBUG 11784 --- [adisyon-backend] [           main] o.s.d.jpa.repository.query.NamedQuery    : Did not find named query Order.findByCompanyId
2024-11-25T23:29:16.427+03:00 DEBUG 11784 --- [adisyon-backend] [           main] tor$SharedEntityManagerInvocationHandler : Creating new EntityManager for shared EntityManager invocation
2024-11-25T23:29:16.433+03:00 DEBUG 11784 --- [adisyon-backend] [           main] o.s.d.r.c.s.RepositoryFactorySupport     : Finished creation of repository instance for com.adisyon.adisyon_backend.Repositories.Order.OrderRepository.
2024-11-25T23:29:16.434+03:00 DEBUG 11784 --- [adisyon-backend] [           main] o.s.b.f.s.DefaultListableBeanFactory     : Creating shared instance of singleton bean 'orderItemServiceImpl'
2024-11-25T23:29:16.439+03:00 DEBUG 11784 --- [adisyon-backend] [           main] o.s.b.f.s.DefaultListableBeanFactory     : Creating shared instance of singleton bean 'orderItemRepository'
2024-11-25T23:29:16.440+03:00 DEBUG 11784 --- [adisyon-backend] [           main] o.s.b.f.s.DefaultListableBeanFactory     : Creating shared instance of singleton bean 'jpa.named-queries#8'
2024-11-25T23:29:16.441+03:00 DEBUG 11784 --- [adisyon-backend] [           main] o.s.b.f.s.DefaultListableBeanFactory     : Creating shared instance of singleton bean 'jpa.OrderItemRepository.fragments#0'
2024-11-25T23:29:16.442+03:00 DEBUG 11784 --- [adisyon-backend] [           main] tor$SharedEntityManagerInvocationHandler : Creating new EntityManager for shared EntityManager invocation
2024-11-25T23:29:16.443+03:00 DEBUG 11784 --- [adisyon-backend] [           main] o.s.d.r.c.s.RepositoryFactorySupport     : Initializing repository instance for com.adisyon.adisyon_backend.Repositories.OrderItem.OrderItemRepository…
2024-11-25T23:29:16.444+03:00 DEBUG 11784 --- [adisyon-backend] [           main] tor$SharedEntityManagerInvocationHandler : Creating new EntityManager for shared EntityManager invocation
2024-11-25T23:29:16.450+03:00 DEBUG 11784 --- [adisyon-backend] [           main] o.s.d.r.c.s.RepositoryFactorySupport     : Finished creation of repository instance for com.adisyon.adisyon_backend.Repositories.OrderItem.OrderItemRepository.
2024-11-25T23:29:16.452+03:00 DEBUG 11784 --- [adisyon-backend] [           main] o.s.b.f.s.DefaultListableBeanFactory     : Creating shared instance of singleton bean 'paymentServiceImpl'
2024-11-25T23:29:16.455+03:00 DEBUG 11784 --- [adisyon-backend] [           main] o.s.b.f.s.DefaultListableBeanFactory     : Creating shared instance of singleton bean 'paymentRepository'
2024-11-25T23:29:16.457+03:00 DEBUG 11784 --- [adisyon-backend] [           main] o.s.b.f.s.DefaultListableBeanFactory     : Creating shared instance of singleton bean 'jpa.named-queries#14'
2024-11-25T23:29:16.458+03:00 DEBUG 11784 --- [adisyon-backend] [           main] o.s.b.f.s.DefaultListableBeanFactory     : Creating shared instance of singleton bean 'jpa.PaymentRepository.fragments#0'
2024-11-25T23:29:16.458+03:00 DEBUG 11784 --- [adisyon-backend] [           main] tor$SharedEntityManagerInvocationHandler : Creating new EntityManager for shared EntityManager invocation
2024-11-25T23:29:16.459+03:00 DEBUG 11784 --- [adisyon-backend] [           main] o.s.d.r.c.s.RepositoryFactorySupport     : Initializing repository instance for com.adisyon.adisyon_backend.Repositories.Payment.PaymentRepository…
2024-11-25T23:29:16.459+03:00 DEBUG 11784 --- [adisyon-backend] [           main] tor$SharedEntityManagerInvocationHandler : Creating new EntityManager for shared EntityManager invocation
2024-11-25T23:29:16.464+03:00 DEBUG 11784 --- [adisyon-backend] [           main] o.s.d.r.c.s.RepositoryFactorySupport     : Finished creation of repository instance for com.adisyon.adisyon_backend.Repositories.Payment.PaymentRepository.
2024-11-25T23:29:16.466+03:00 DEBUG 11784 --- [adisyon-backend] [           main] o.s.b.f.s.DefaultListableBeanFactory     : Creating shared instance of singleton bean 'receiptServiceImpl'
2024-11-25T23:29:16.469+03:00 DEBUG 11784 --- [adisyon-backend] [           main] o.s.b.f.s.DefaultListableBeanFactory     : Creating shared instance of singleton bean 'receiptRepository'
2024-11-25T23:29:16.470+03:00 DEBUG 11784 --- [adisyon-backend] [           main] o.s.b.f.s.DefaultListableBeanFactory     : Creating shared instance of singleton bean 'jpa.named-queries#4'
2024-11-25T23:29:16.472+03:00 DEBUG 11784 --- [adisyon-backend] [           main] o.s.b.f.s.DefaultListableBeanFactory     : Creating shared instance of singleton bean 'jpa.ReceiptRepository.fragments#0'
2024-11-25T23:29:16.472+03:00 DEBUG 11784 --- [adisyon-backend] [           main] tor$SharedEntityManagerInvocationHandler : Creating new EntityManager for shared EntityManager invocation
2024-11-25T23:29:16.473+03:00 DEBUG 11784 --- [adisyon-backend] [           main] o.s.d.r.c.s.RepositoryFactorySupport     : Initializing repository instance for com.adisyon.adisyon_backend.Repositories.Receipt.ReceiptRepository…
2024-11-25T23:29:16.474+03:00 DEBUG 11784 --- [adisyon-backend] [           main] tor$SharedEntityManagerInvocationHandler : Creating new EntityManager for shared EntityManager invocation
2024-11-25T23:29:16.486+03:00 DEBUG 11784 --- [adisyon-backend] [           main] o.s.d.jpa.repository.query.NamedQuery    : Did not find named query Receipt.findReceiptsByDay.count
2024-11-25T23:29:16.487+03:00 DEBUG 11784 --- [adisyon-backend] [           main] tor$SharedEntityManagerInvocationHandler : Creating new EntityManager for shared EntityManager invocation
2024-11-25T23:29:16.520+03:00 DEBUG 11784 --- [adisyon-backend] [           main] o.s.d.jpa.repository.query.NamedQuery    : Did not find named query Receipt.findReceiptsByMonth.count
2024-11-25T23:29:16.521+03:00 DEBUG 11784 --- [adisyon-backend] [           main] tor$SharedEntityManagerInvocationHandler : Creating new EntityManager for shared EntityManager invocation
2024-11-25T23:29:16.523+03:00 DEBUG 11784 --- [adisyon-backend] [           main] o.s.d.jpa.repository.query.NamedQuery    : Looking up named query Receipt.findByCompanyId
2024-11-25T23:29:16.524+03:00 DEBUG 11784 --- [adisyon-backend] [           main] o.s.d.jpa.repository.query.NamedQuery    : Did not find named query Receipt.findByCompanyId
2024-11-25T23:29:16.524+03:00 DEBUG 11784 --- [adisyon-backend] [           main] tor$SharedEntityManagerInvocationHandler : Creating new EntityManager for shared EntityManager invocation
2024-11-25T23:29:16.528+03:00 DEBUG 11784 --- [adisyon-backend] [           main] o.s.d.r.c.s.RepositoryFactorySupport     : Finished creation of repository instance for com.adisyon.adisyon_backend.Repositories.Receipt.ReceiptRepository.
2024-11-25T23:29:16.545+03:00 DEBUG 11784 --- [adisyon-backend] [           main] o.s.b.f.s.DefaultListableBeanFactory     : Creating shared instance of singleton bean 'employeeProductCategoryController'
2024-11-25T23:29:16.546+03:00 DEBUG 11784 --- [adisyon-backend] [           main] o.s.b.f.s.DefaultListableBeanFactory     : Creating shared instance of singleton bean 'productCategoryServiceImpl'
2024-11-25T23:29:16.552+03:00 DEBUG 11784 --- [adisyon-backend] [           main] o.s.b.f.s.DefaultListableBeanFactory     : Creating shared instance of singleton bean 'productCategoryRepository'
2024-11-25T23:29:16.554+03:00 DEBUG 11784 --- [adisyon-backend] [           main] o.s.b.f.s.DefaultListableBeanFactory     : Creating shared instance of singleton bean 'jpa.named-queries#11'
2024-11-25T23:29:16.555+03:00 DEBUG 11784 --- [adisyon-backend] [           main] o.s.b.f.s.DefaultListableBeanFactory     : Creating shared instance of singleton bean 'jpa.ProductCategoryRepository.fragments#0'
2024-11-25T23:29:16.556+03:00 DEBUG 11784 --- [adisyon-backend] [           main] tor$SharedEntityManagerInvocationHandler : Creating new EntityManager for shared EntityManager invocation
2024-11-25T23:29:16.557+03:00 DEBUG 11784 --- [adisyon-backend] [           main] o.s.d.r.c.s.RepositoryFactorySupport     : Initializing repository instance for com.adisyon.adisyon_backend.Repositories.ProductCategory.ProductCategoryRepository…
2024-11-25T23:29:16.557+03:00 DEBUG 11784 --- [adisyon-backend] [           main] tor$SharedEntityManagerInvocationHandler : Creating new EntityManager for shared EntityManager invocation
2024-11-25T23:29:16.559+03:00 DEBUG 11784 --- [adisyon-backend] [           main] o.s.d.jpa.repository.query.NamedQuery    : Looking up named query ProductCategory.findByCompanyId
2024-11-25T23:29:16.560+03:00 DEBUG 11784 --- [adisyon-backend] [           main] o.s.d.jpa.repository.query.NamedQuery    : Did not find named query ProductCategory.findByCompanyId
2024-11-25T23:29:16.560+03:00 DEBUG 11784 --- [adisyon-backend] [           main] tor$SharedEntityManagerInvocationHandler : Creating new EntityManager for shared EntityManager invocation
2024-11-25T23:29:16.565+03:00 DEBUG 11784 --- [adisyon-backend] [           main] o.s.d.r.c.s.RepositoryFactorySupport     : Finished creation of repository instance for com.adisyon.adisyon_backend.Repositories.ProductCategory.ProductCategoryRepository.
2024-11-25T23:29:16.573+03:00 DEBUG 11784 --- [adisyon-backend] [           main] o.s.b.f.s.DefaultListableBeanFactory     : Creating shared instance of singleton bean 'ownerProductCategoryController'
2024-11-25T23:29:16.574+03:00 DEBUG 11784 --- [adisyon-backend] [           main] o.s.b.f.s.DefaultListableBeanFactory     : Creating shared instance of singleton bean 'employeeProductController'
2024-11-25T23:29:16.575+03:00 DEBUG 11784 --- [adisyon-backend] [           main] o.s.b.f.s.DefaultListableBeanFactory     : Creating shared instance of singleton bean 'ownerProductController'
2024-11-25T23:29:16.576+03:00 DEBUG 11784 --- [adisyon-backend] [           main] o.s.b.f.s.DefaultListableBeanFactory     : Creating shared instance of singleton bean 'receiptController'
2024-11-25T23:29:16.578+03:00 DEBUG 11784 --- [adisyon-backend] [           main] o.s.b.f.s.DefaultListableBeanFactory     : Creating shared instance of singleton bean 'recordItemController'
2024-11-25T23:29:16.583+03:00 DEBUG 11784 --- [adisyon-backend] [           main] o.s.b.f.s.DefaultListableBeanFactory     : Creating shared instance of singleton bean 'recordItemServiceImpl'
2024-11-25T23:29:16.584+03:00 DEBUG 11784 --- [adisyon-backend] [           main] o.s.b.f.s.DefaultListableBeanFactory     : Creating shared instance of singleton bean 'recordItemRepository'
2024-11-25T23:29:16.585+03:00 DEBUG 11784 --- [adisyon-backend] [           main] o.s.b.f.s.DefaultListableBeanFactory     : Creating shared instance of singleton bean 'jpa.named-queries#5'
2024-11-25T23:29:16.586+03:00 DEBUG 11784 --- [adisyon-backend] [           main] o.s.b.f.s.DefaultListableBeanFactory     : Creating shared instance of singleton bean 'jpa.RecordItemRepository.fragments#0'
2024-11-25T23:29:16.587+03:00 DEBUG 11784 --- [adisyon-backend] [           main] tor$SharedEntityManagerInvocationHandler : Creating new EntityManager for shared EntityManager invocation
2024-11-25T23:29:16.587+03:00 DEBUG 11784 --- [adisyon-backend] [           main] o.s.d.r.c.s.RepositoryFactorySupport     : Initializing repository instance for com.adisyon.adisyon_backend.Repositories.RecordItem.RecordItemRepository…
2024-11-25T23:29:16.588+03:00 DEBUG 11784 --- [adisyon-backend] [           main] tor$SharedEntityManagerInvocationHandler : Creating new EntityManager for shared EntityManager invocation
[...]

   ReactiveElasticsearchRepositoriesAutoConfiguration:
      Did not match:
         - @ConditionalOnClass did not find required class 'reactor.core.publisher.Mono' (OnClassCondition)

   ReactiveMultipartAutoConfiguration:
      Did not match:
         - @ConditionalOnClass did not find required class 'org.springframework.web.reactive.config.WebFluxConfigurer' (OnClassCondition)

   ReactiveOAuth2ClientAutoConfiguration:
      Did not match:
         - @ConditionalOnClass did not find required class 'reactor.core.publisher.Flux' (OnClassCondition)

   ReactiveOAuth2ResourceServerAutoConfiguration:
      Did not match:
         - @ConditionalOnWebApplication did not find reactive web application classes (OnWebApplicationCondition)

   ReactiveSecurityAutoConfiguration:
      Did not match:
         - @ConditionalOnClass did not find required class 'reactor.core.publisher.Flux' (OnClassCondition)

   ReactiveUserDetailsServiceAutoConfiguration:
      Did not match:
         - AnyNestedCondition 0 matched 2 did not; NestedCondition on ReactiveUserDetailsServiceAutoConfiguration.RSocketEnabledOrReactiveWebApplication.ReactiveWebApplicationCondition did not find reactive web application classes; NestedCondition on ReactiveUserDetailsServiceAutoConfiguration.RSocketEnabledOrReactiveWebApplication.RSocketSecurityEnabledCondition @ConditionalOnBean (types: org.springframework.messaging.rsocket.annotation.support.RSocketMessageHandler; SearchStrategy: all) did not find any beans of type org.springframework.messaging.rsocket.annotation.support.RSocketMessageHandler (ReactiveUserDetailsServiceAutoConfiguration.RSocketEnabledOrReactiveWebApplication)
      Matched:
         - @ConditionalOnClass found required class 'org.springframework.security.authentication.ReactiveAuthenticationManager' (OnClassCondition)
         - AnyNestedCondition 1 matched 2 did not; NestedCondition on ReactiveUserDetailsServiceAutoConfiguration.MissingAlternativeOrUserPropertiesConfigured.PasswordConfigured @ConditionalOnProperty (spring.security.user.password) did not find property 'password'; NestedCondition on ReactiveUserDetailsServiceAutoConfiguration.MissingAlternativeOrUserPropertiesConfigured.NameConfigured @ConditionalOnProperty (spring.security.user.name) did not find property 'name'; NestedCondition on ReactiveUserDetailsServiceAutoConfiguration.MissingAlternativeOrUserPropertiesConfigured.MissingAlternative @ConditionalOnMissingClass did not find unwanted classes 'org.springframework.security.oauth2.client.registration.ClientRegistrationRepository', 'org.springframework.security.oauth2.server.resource.introspection.ReactiveOpaqueTokenIntrospector' (ReactiveUserDetailsServiceAutoConfiguration.MissingAlternativeOrUserPropertiesConfigured)

   ReactiveWebServerFactoryAutoConfiguration:
      Did not match:
         - @ConditionalOnWebApplication did not find reactive web application classes (OnWebApplicationCondition)

   ReactorAutoConfiguration:
      Did not match:
         - @ConditionalOnClass did not find required class 'reactor.core.publisher.Hooks' (OnClassCondition)

   RedisAutoConfiguration:
      Did not match:
         - @ConditionalOnClass did not find required class 'org.springframework.data.redis.core.RedisOperations' (OnClassCondition)

   RedisCacheConfiguration:
      Did not match:
         - @ConditionalOnClass did not find required class 'org.springframework.data.redis.connection.RedisConnectionFactory' (OnClassCondition)

   RedisReactiveAutoConfiguration:
      Did not match:
         - @ConditionalOnClass did not find required class 'reactor.core.publisher.Flux' (OnClassCondition)

   RedisRepositoriesAutoConfiguration:
      Did not match:
         - @ConditionalOnClass did not find required class 'org.springframework.data.redis.repository.configuration.EnableRedisRepositories' (OnClassCondition)

   RemoteDevToolsAutoConfiguration:
      Did not match:
         - @ConditionalOnProperty (spring.devtools.remote.secret) did not find property 'secret' (OnPropertyCondition)
      Matched:
         - @ConditionalOnClass found required classes 'jakarta.servlet.Filter', 'org.springframework.http.server.ServerHttpRequest' (OnClassCondition)

   RepositoryRestMvcAutoConfiguration:
      Did not match:
         - @ConditionalOnClass did not find required class 'org.springframework.data.rest.webmvc.config.RepositoryRestMvcConfiguration' (OnClassCondition)

   Saml2RelyingPartyAutoConfiguration:
      Did not match:
         - @ConditionalOnClass did not find required class 'org.springframework.security.saml2.provider.service.registration.RelyingPartyRegistrationRepository' (OnClassCondition)

   SecurityDataConfiguration:
      Did not match:
         - @ConditionalOnClass did not find required class 'org.springframework.security.data.repository.query.SecurityEvaluationContextExtension' (OnClassCondition)

   SendGridAutoConfiguration:
      Did not match:
         - @ConditionalOnClass did not find required class 'com.sendgrid.SendGrid' (OnClassCondition)

   ServletWebServerFactoryAutoConfiguration.ForwardedHeaderFilterConfiguration:
      Did not match:
         - @ConditionalOnProperty (server.forward-headers-strategy=framework) did not find property 'server.forward-headers-strategy' (OnPropertyCondition)

   ServletWebServerFactoryConfiguration.EmbeddedJetty:
      Did not match:
         - @ConditionalOnClass did not find required classes 'org.eclipse.jetty.server.Server', 'org.eclipse.jetty.util.Loader', 'org.eclipse.jetty.ee10.webapp.WebAppContext' (OnClassCondition)

   ServletWebServerFactoryConfiguration.EmbeddedUndertow:
      Did not match:
         - @ConditionalOnClass did not find required classes 'io.undertow.Undertow', 'org.xnio.SslClientAuthMode' (OnClassCondition)

   SessionAutoConfiguration:
      Did not match:
         - @ConditionalOnClass did not find required class 'org.springframework.session.Session' (OnClassCondition)

   SpringApplicationAdminJmxAutoConfiguration:
      Did not match:
         - @ConditionalOnProperty (spring.application.admin.enabled=true) did not find property 'enabled' (OnPropertyCondition)

   SpringBootWebSecurityConfiguration.SecurityFilterChainConfiguration:
      Did not match:
         - AllNestedConditions 1 matched 1 did not; NestedCondition on DefaultWebSecurityCondition.Beans @ConditionalOnMissingBean (types: org.springframework.security.web.SecurityFilterChain; SearchStrategy: all) found beans of type 'org.springframework.security.web.SecurityFilterChain' securityFilterChain; NestedCondition on DefaultWebSecurityCondition.Classes @ConditionalOnClass found required classes 'org.springframework.security.web.SecurityFilterChain', 'org.springframework.security.config.annotation.web.builders.HttpSecurity' (DefaultWebSecurityCondition)

   SpringBootWebSecurityConfiguration.WebSecurityEnablerConfiguration:
      Did not match:
         - @ConditionalOnMissingBean (names: springSecurityFilterChain; SearchStrategy: all) found beans named springSecurityFilterChain (OnBeanCondition)
      Matched:
         - @ConditionalOnClass found required class 'org.springframework.security.config.annotation.web.configuration.EnableWebSecurity' (OnClassCondition)

   TaskExecutorConfigurations.SimpleAsyncTaskExecutorBuilderConfiguration#simpleAsyncTaskExecutorBuilderVirtualThreads:
      Did not match:
         - @ConditionalOnMissingBean (types: org.springframework.boot.task.SimpleAsyncTaskExecutorBuilder; SearchStrategy: all) found beans of type 'org.springframework.boot.task.SimpleAsyncTaskExecutorBuilder' simpleAsyncTaskExecutorBuilder (OnBeanCondition)

   TaskExecutorConfigurations.TaskExecutorConfiguration#applicationTaskExecutorVirtualThreads:
      Did not match:
         - @ConditionalOnThreading did not find VIRTUAL (OnThreadingCondition)

   TaskSchedulingAutoConfiguration#scheduledBeanLazyInitializationExcludeFilter:
      Did not match:
         - @ConditionalOnBean (names: org.springframework.context.annotation.internalScheduledAnnotationProcessor; SearchStrategy: all) did not find any beans named org.springframework.context.annotation.internalScheduledAnnotationProcessor (OnBeanCondition)

   TaskSchedulingConfigurations.SimpleAsyncTaskSchedulerBuilderConfiguration#simpleAsyncTaskSchedulerBuilderVirtualThreads:
      Did not match:
         - @ConditionalOnMissingBean (types: org.springframework.boot.task.SimpleAsyncTaskSchedulerBuilder; SearchStrategy: all) found beans of type 'org.springframework.boot.task.SimpleAsyncTaskSchedulerBuilder' simpleAsyncTaskSchedulerBuilder (OnBeanCondition)

   TaskSchedulingConfigurations.TaskSchedulerConfiguration:
      Did not match:
         - @ConditionalOnBean (names: org.springframework.context.annotation.internalScheduledAnnotationProcessor; SearchStrategy: all) did not find any beans named org.springframework.context.annotation.internalScheduledAnnotationProcessor (OnBeanCondition)

   ThymeleafAutoConfiguration:
      Did not match:
         - @ConditionalOnClass did not find required class 'org.thymeleaf.spring6.SpringTemplateEngine' (OnClassCondition)

   TransactionAutoConfiguration#transactionalOperator:
      Did not match:
         - @ConditionalOnSingleCandidate (types: org.springframework.transaction.ReactiveTransactionManager; SearchStrategy: all) did not find any beans (OnBeanCondition)

   TransactionAutoConfiguration.AspectJTransactionManagementConfiguration:
      Did not match:
         - @ConditionalOnBean (types: org.springframework.transaction.aspectj.AbstractTransactionAspect; SearchStrategy: all) did not find any beans of type org.springframework.transaction.aspectj.AbstractTransactionAspect (OnBeanCondition)

   TransactionAutoConfiguration.EnableTransactionManagementConfiguration.JdkDynamicAutoProxyConfiguration:
      Did not match:
         - @ConditionalOnProperty (spring.aop.proxy-target-class=false) did not find property 'proxy-target-class' (OnPropertyCondition)

   WebClientAutoConfiguration:
      Did not match:
         - @ConditionalOnClass did not find required class 'org.springframework.web.reactive.function.client.WebClient' (OnClassCondition)

   WebFluxAutoConfiguration:
      Did not match:
         - @ConditionalOnClass did not find required class 'org.springframework.web.reactive.config.WebFluxConfigurer' (OnClassCondition)

   WebMvcAutoConfiguration#hiddenHttpMethodFilter:
      Did not match:
         - @ConditionalOnProperty (spring.mvc.hiddenmethod.filter.enabled) did not find property 'enabled' (OnPropertyCondition)

   WebMvcAutoConfiguration.ProblemDetailsErrorHandlingConfiguration:
      Did not match:
         - @ConditionalOnProperty (spring.mvc.problemdetails.enabled=true) did not find property 'enabled' (OnPropertyCondition)

   WebMvcAutoConfiguration.ResourceChainCustomizerConfiguration:
      Did not match:
         - @ConditionalOnEnabledResourceChain did not find class org.webjars.WebJarAssetLocator (OnEnabledResourceChainCondition)

   WebMvcAutoConfiguration.WebMvcAutoConfigurationAdapter#beanNameViewResolver:
      Did not match:
         - @ConditionalOnMissingBean (types: org.springframework.web.servlet.view.BeanNameViewResolver; SearchStrategy: all) found beans of type 'org.springframework.web.servlet.view.BeanNameViewResolver' beanNameViewResolver (OnBeanCondition)

   WebServiceTemplateAutoConfiguration:
      Did not match:
         - @ConditionalOnClass did not find required class 'org.springframework.oxm.Marshaller' (OnClassCondition)

   WebServicesAutoConfiguration:
      Did not match:
         - @ConditionalOnClass did not find required class 'org.springframework.ws.transport.http.MessageDispatcherServlet' (OnClassCondition)

   WebSessionIdResolverAutoConfiguration:
      Did not match:
         - @ConditionalOnClass did not find required class 'reactor.core.publisher.Mono' (OnClassCondition)

   WebSocketMessagingAutoConfiguration:
      Did not match:
         - @ConditionalOnClass did not find required class 'org.springframework.web.socket.config.annotation.WebSocketMessageBrokerConfigurer' (OnClassCondition)

   WebSocketReactiveAutoConfiguration:
      Did not match:
         - @ConditionalOnWebApplication did not find reactive web application classes (OnWebApplicationCondition)

   WebSocketServletAutoConfiguration.JettyWebSocketConfiguration:
      Did not match:
         - @ConditionalOnClass did not find required class 'org.eclipse.jetty.ee10.websocket.jakarta.server.config.JakartaWebSocketServletContainerInitializer' (OnClassCondition)

   WebSocketServletAutoConfiguration.UndertowWebSocketConfiguration:
      Did not match:
         - @ConditionalOnClass did not find required class 'io.undertow.websockets.jsr.Bootstrap' (OnClassCondition)

   XADataSourceAutoConfiguration:
      Did not match:
         - @ConditionalOnBean (types: org.springframework.boot.jdbc.XADataSourceWrapper; SearchStrategy: all) did not find any beans of type org.springframework.boot.jdbc.XADataSourceWrapper (OnBeanCondition)
      Matched:
         - @ConditionalOnClass found required classes 'javax.sql.DataSource', 'jakarta.transaction.TransactionManager', 'org.springframework.jdbc.datasource.embedded.EmbeddedDatabaseType' (OnClassCondition)


Exclusions:
-----------

    None


Unconditional classes:
----------------------

    org.springframework.boot.autoconfigure.context.ConfigurationPropertiesAutoConfiguration

    org.springframework.boot.autoconfigure.ssl.SslAutoConfiguration

    org.springframework.boot.autoconfigure.context.LifecycleAutoConfiguration

    org.springframework.boot.autoconfigure.context.PropertyPlaceholderAutoConfiguration

    org.springframework.boot.autoconfigure.availability.ApplicationAvailabilityAutoConfiguration

    org.springframework.boot.autoconfigure.info.ProjectInfoAutoConfiguration



2024-11-25T23:29:18.395+03:00  INFO 11784 --- [adisyon-backend] [           main] c.a.a.AdisyonBackendApplicationTests     : Started AdisyonBackendApplicationTests in 10.27 seconds (process running for 11.788)
2024-11-25T23:29:18.397+03:00 DEBUG 11784 --- [adisyon-backend] [           main] o.s.b.a.ApplicationAvailabilityBean      : Application availability state LivenessState changed to CORRECT
2024-11-25T23:29:18.400+03:00 DEBUG 11784 --- [adisyon-backend] [           main] o.s.boot.devtools.restart.Restarter      : Creating new Restarter for thread Thread[main,5,main]
2024-11-25T23:29:18.401+03:00 DEBUG 11784 --- [adisyon-backend] [           main] o.s.b.a.ApplicationAvailabilityBean      : Application availability state ReadinessState changed to ACCEPTING_TRAFFIC
2024-11-25T23:29:18.405+03:00 DEBUG 11784 --- [adisyon-backend] [           main] org.springframework.test.context.cache   : Spring test ApplicationContext cache statistics: [DefaultContextCache@11bdb62f size = 1, maxSize = 32, parentContextCount = 0, hitCount = 0, missCount = 1, failureCount = 0]
2024-11-25T23:29:18.405+03:00 DEBUG 11784 --- [adisyon-backend] [           main] o.s.t.c.w.ServletTestExecutionListener   : Setting up MockHttpServletRequest, MockHttpServletResponse, ServletWebRequest, and RequestContextHolder for test class com.adisyon.adisyon_backend.AdisyonBackendApplicationTests
2024-11-25T23:29:18.436+03:00 DEBUG 11784 --- [adisyon-backend] [           main] DependencyInjectionTestExecutionListener : Performing dependency injection for test class com.adisyon.adisyon_backend.AdisyonBackendApplicationTests
2024-11-25T23:29:18.436+03:00 DEBUG 11784 --- [adisyon-backend] [           main] org.springframework.test.context.cache   : Spring test ApplicationContext cache statistics: [DefaultContextCache@11bdb62f size = 1, maxSize = 32, parentContextCount = 0, hitCount = 1, missCount = 1, failureCount = 0]
2024-11-25T23:29:18.438+03:00 DEBUG 11784 --- [adisyon-backend] [           main] org.springframework.test.context.cache   : Spring test ApplicationContext cache statistics: [DefaultContextCache@11bdb62f size = 1, maxSize = 32, parentContextCount = 0, hitCount = 2, missCount = 1, failureCount = 0]
2024-11-25T23:29:18.448+03:00 DEBUG 11784 --- [adisyon-backend] [           main] sContextBeforeModesTestExecutionListener : Before test method: class [AdisyonBackendApplicationTests], method [contextLoads], class annotated with @DirtiesContext [false] with mode [null], method annotated with @DirtiesContext [false] with mode [null]
2024-11-25T23:29:18.451+03:00 DEBUG 11784 --- [adisyon-backend] [           main] org.springframework.test.context.cache   : Spring test ApplicationContext cache statistics: [DefaultContextCache@11bdb62f size = 1, maxSize = 32, parentContextCount = 0, hitCount = 3, missCount = 1, failureCount = 0]
2024-11-25T23:29:18.452+03:00 DEBUG 11784 --- [adisyon-backend] [           main] org.springframework.test.context.cache   : Spring test ApplicationContext cache statistics: [DefaultContextCache@11bdb62f size = 1, maxSize = 32, parentContextCount = 0, hitCount = 4, missCount = 1, failureCount = 0]
2024-11-25T23:29:19.012+03:00 DEBUG 11784 --- [adisyon-backend] [           main] org.springframework.test.context.cache   : Spring test ApplicationContext cache statistics: [DefaultContextCache@11bdb62f size = 1, maxSize = 32, parentContextCount = 0, hitCount = 5, missCount = 1, failureCount = 0]
2024-11-25T23:29:19.023+03:00 DEBUG 11784 --- [adisyon-backend] [           main] org.springframework.test.context.cache   : Spring test ApplicationContext cache statistics: [DefaultContextCache@11bdb62f size = 1, maxSize = 32, parentContextCount = 0, hitCount = 6, missCount = 1, failureCount = 0]
2024-11-25T23:29:19.025+03:00 DEBUG 11784 --- [adisyon-backend] [           main] org.springframework.test.context.cache   : Spring test ApplicationContext cache statistics: [DefaultContextCache@11bdb62f size = 1, maxSize = 32, parentContextCount = 0, hitCount = 7, missCount = 1, failureCount = 0]
2024-11-25T23:29:19.025+03:00 DEBUG 11784 --- [adisyon-backend] [           main] org.springframework.test.context.cache   : Spring test ApplicationContext cache statistics: [DefaultContextCache@11bdb62f size = 1, maxSize = 32, parentContextCount = 0, hitCount = 8, missCount = 1, failureCount = 0]
2024-11-25T23:29:19.028+03:00 DEBUG 11784 --- [adisyon-backend] [           main] org.springframework.test.context.cache   : Spring test ApplicationContext cache statistics: [DefaultContextCache@11bdb62f size = 1, maxSize = 32, parentContextCount = 0, hitCount = 9, missCount = 1, failureCount = 0]
2024-11-25T23:29:19.029+03:00 DEBUG 11784 --- [adisyon-backend] [           main] org.springframework.test.context.cache   : Spring test ApplicationContext cache statistics: [DefaultContextCache@11bdb62f size = 1, maxSize = 32, parentContextCount = 0, hitCount = 10, missCount = 1, failureCount = 0]
2024-11-25T23:29:19.030+03:00 DEBUG 11784 --- [adisyon-backend] [           main] org.springframework.test.context.cache   : Spring test ApplicationContext cache statistics: [DefaultContextCache@11bdb62f size = 1, maxSize = 32, parentContextCount = 0, hitCount = 11, missCount = 1, failureCount = 0]
2024-11-25T23:29:19.033+03:00 DEBUG 11784 --- [adisyon-backend] [           main] org.springframework.test.context.cache   : Spring test ApplicationContext cache statistics: [DefaultContextCache@11bdb62f size = 1, maxSize = 32, parentContextCount = 0, hitCount = 12, missCount = 1, failureCount = 0]
2024-11-25T23:29:19.034+03:00 DEBUG 11784 --- [adisyon-backend] [           main] .c.s.DirtiesContextTestExecutionListener : After test method: class [AdisyonBackendApplicationTests], method [contextLoads], class annotated with @DirtiesContext [false] with mode [null], method annotated with @DirtiesContext [false] with mode [null]
2024-11-25T23:29:19.034+03:00 DEBUG 11784 --- [adisyon-backend] [           main] o.s.t.c.w.ServletTestExecutionListener   : Resetting RequestContextHolder for test class com.adisyon.adisyon_backend.AdisyonBackendApplicationTests
]]></system-out>
  </testcase>
</testsuite>